[Time:18:55:22]Arrive Events - [Patient:Arrive - 18:55:22  Treatment Length - 00:05:00  Leave - 18:57:22  Priority - 426.46]
[Time:18:55:22]Treat Events  - [Patient:Arrive - 18:55:22  Treatment Length - 00:05:00  Leave - 18:57:22  Priority - 426.46]
[Time:18:55:22]Summarize     - [Patient Queue:Waiting Number - 0  Treated Number - 1  Total Number - 1  Treatment Rate 100.00%]
[Time:18:58:30]Arrive Events - [Patient:Arrive - 18:58:30  Treatment Length - 00:04:00  Leave - 19:01:30  Priority - 404.42]
[Time:19:00:00]Leave Events  - [Patient:Arrive - 18:58:30  Treatment Length - 00:04:00  Leave - 19:01:30  Priority - 404.66]
[Time:19:00:00]Arrive Events - [Patient:Arrive - 19:00:00  Treatment Length - 00:11:00  Leave - 19:03:00  Priority - 519.40]
[Time:19:00:00]Treat Events  - [Patient:Arrive - 19:00:00  Treatment Length - 00:11:00  Leave - 19:03:00  Priority - 519.40]
[Time:19:00:00]Summarize     - [Patient Queue:Waiting Number - 0  Treated Number - 2  Total Number - 3  Treatment Rate 66.67%]
[Time:19:03:00]Arrive Events - [Patient:Arrive - 19:03:00  Treatment Length - 00:01:00  Leave - 19:11:00  Priority - 316.60]
[Time:19:06:39]Arrive Events - [Patient:Arrive - 19:06:39  Treatment Length - 00:02:00  Leave - 19:29:39  Priority - 331.80]
[Time:19:09:00]Arrive Events - [Patient:Arrive - 19:09:00  Treatment Length - 00:04:00  Leave - 19:22:39  Priority - 372.00]
[Time:19:11:10]Leave Events  - [Patient:Arrive - 19:03:00  Treatment Length - 00:01:00  Leave - 19:11:00  Priority - 318.20]
[Time:19:11:10]Treat Events  - [Patient:Arrive - 19:09:00  Treatment Length - 00:04:00  Leave - 19:22:39  Priority - 372.42]
[Time:19:11:10]Summarize     - [Patient Queue:Waiting Number - 1  Treated Number - 3  Total Number - 6  Treatment Rate 50.00%]
				[Patient:Arrive - 19:06:39  Treatment Length - 00:02:00  Leave - 19:29:39  Priority - 332.82]
[Time:19:12:00]Arrive Events - [Patient:Arrive - 19:12:00  Treatment Length - 00:05:00  Leave - 19:16:00  Priority - 392.00]
[Time:19:15:39]Arrive Events - [Patient:Arrive - 19:15:39  Treatment Length - 00:01:00  Leave - 19:21:39  Priority - 309.80]
[Time:19:15:20]Treat Events  - [Patient:Arrive - 19:12:00  Treatment Length - 00:05:00  Leave - 19:16:00  Priority - 392.64]
[Time:19:15:20]Summarize     - [Patient Queue:Waiting Number - 2  Treated Number - 4  Total Number - 8  Treatment Rate 50.00%]
				[Patient:Arrive - 19:06:39  Treatment Length - 00:02:00  Leave - 19:29:39  Priority - 333.64]
				[Patient:Arrive - 19:15:39  Treatment Length - 00:01:00  Leave - 19:21:39  Priority - 309.84]
[Time:19:18:00]Arrive Events - [Patient:Arrive - 19:18:00  Treatment Length - 00:02:00  Leave - 19:31:39  Priority - 326.60]
[Time:19:20:29]Treat Events  - [Patient:Arrive - 19:06:39  Treatment Length - 00:02:00  Leave - 19:29:39  Priority - 334.66]
[Time:19:20:29]Summarize     - [Patient Queue:Waiting Number - 2  Treated Number - 5  Total Number - 9  Treatment Rate 55.56%]
				[Patient:Arrive - 19:18:00  Treatment Length - 00:02:00  Leave - 19:31:39  Priority - 327.06]
				[Patient:Arrive - 19:15:39  Treatment Length - 00:01:00  Leave - 19:21:39  Priority - 310.86]
[Time:19:21:39]Arrive Events - [Patient:Arrive - 19:21:39  Treatment Length - 00:02:00  Leave - 19:36:39  Priority - 324.40]
[Time:19:21:10]Leave Events  - [Patient:Arrive - 19:15:39  Treatment Length - 00:01:00  Leave - 19:21:39  Priority - 311.00]
[Time:19:22:40]Treat Events  - [Patient:Arrive - 19:18:00  Treatment Length - 00:02:00  Leave - 19:31:39  Priority - 327.48]
[Time:19:22:40]Summarize     - [Patient Queue:Waiting Number - 1  Treated Number - 6  Total Number - 10  Treatment Rate 60.00%]
				[Patient:Arrive - 19:21:39  Treatment Length - 00:02:00  Leave - 19:36:39  Priority - 324.68]
[Time:19:24:39]Arrive Events - [Patient:Arrive - 19:24:39  Treatment Length - 00:09:00  Leave - 19:44:00  Priority - 461.60]
[Time:19:24:50]Treat Events  - [Patient:Arrive - 19:24:39  Treatment Length - 00:09:00  Leave - 19:44:00  Priority - 461.70]
[Time:19:24:50]Summarize     - [Patient Queue:Waiting Number - 1  Treated Number - 7  Total Number - 11  Treatment Rate 63.64%]
				[Patient:Arrive - 19:21:39  Treatment Length - 00:02:00  Leave - 19:36:39  Priority - 325.10]
[Time:19:27:00]Arrive Events - [Patient:Arrive - 19:27:00  Treatment Length - 00:04:00  Leave - 19:36:00  Priority - 362.00]
[Time:19:30:39]Arrive Events - [Patient:Arrive - 19:30:39  Treatment Length - 00:01:00  Leave - 19:31:39  Priority - 301.80]
[Time:19:31:10]Leave Events  - [Patient:Arrive - 19:30:39  Treatment Length - 00:01:00  Leave - 19:31:39  Priority - 302.00]
[Time:19:33:39]Arrive Events - [Patient:Arrive - 19:33:39  Treatment Length - 00:06:00  Leave - 19:55:39  Priority - 395.80]
[Time:19:34:00]Treat Events  - [Patient:Arrive - 19:33:39  Treatment Length - 00:06:00  Leave - 19:55:39  Priority - 396.00]
[Time:19:34:00]Summarize     - [Patient Queue:Waiting Number - 2  Treated Number - 8  Total Number - 14  Treatment Rate 57.14%]
				[Patient:Arrive - 19:27:00  Treatment Length - 00:04:00  Leave - 19:36:00  Priority - 363.40]
				[Patient:Arrive - 19:21:39  Treatment Length - 00:02:00  Leave - 19:36:39  Priority - 327.00]
[Time:19:36:00]Leave Events  - [Patient:Arrive - 19:21:39  Treatment Length - 00:02:00  Leave - 19:36:39  Priority - 327.30]
[Time:19:36:00]Arrive Events - [Patient:Arrive - 19:36:00  Treatment Length - 00:06:00  Leave - 19:51:00  Priority - 395.40]
[Time:19:36:10]Leave Events  - [Patient:Arrive - 19:27:00  Treatment Length - 00:04:00  Leave - 19:36:00  Priority - 363.80]
[Time:19:39:39]Arrive Events - [Patient:Arrive - 19:39:39  Treatment Length - 00:06:00  Leave - 20:06:39  Priority - 391.20]
[Time:19:40:09]Treat Events  - [Patient:Arrive - 19:36:00  Treatment Length - 00:06:00  Leave - 19:51:00  Priority - 396.22]
[Time:19:40:09]Summarize     - [Patient Queue:Waiting Number - 1  Treated Number - 9  Total Number - 16  Treatment Rate 56.25%]
				[Patient:Arrive - 19:39:39  Treatment Length - 00:06:00  Leave - 20:06:39  Priority - 391.42]
[Time:19:42:00]Arrive Events - [Patient:Arrive - 19:42:00  Treatment Length - 00:07:00  Leave - 20:01:00  Priority - 411.00]
[Time:19:45:00]Arrive Events - [Patient:Arrive - 19:45:00  Treatment Length - 00:12:00  Leave - 20:02:00  Priority - 509.60]
[Time:19:46:10]Treat Events  - [Patient:Arrive - 19:45:00  Treatment Length - 00:12:00  Leave - 20:02:00  Priority - 509.82]
[Time:19:46:10]Summarize     - [Patient Queue:Waiting Number - 2  Treated Number - 10  Total Number - 18  Treatment Rate 55.56%]
				[Patient:Arrive - 19:42:00  Treatment Length - 00:07:00  Leave - 20:01:00  Priority - 411.82]
				[Patient:Arrive - 19:39:39  Treatment Length - 00:06:00  Leave - 20:06:39  Priority - 392.62]
[Time:19:48:39]Arrive Events - [Patient:Arrive - 19:48:39  Treatment Length - 00:06:00  Leave - 20:00:00  Priority - 388.80]
[Time:19:51:00]Arrive Events - [Patient:Arrive - 19:51:00  Treatment Length - 00:09:00  Leave - 20:13:39  Priority - 445.00]
[Time:19:54:00]Arrive Events - [Patient:Arrive - 19:54:00  Treatment Length - 00:09:00  Leave - 20:23:00  Priority - 441.80]
[Time:19:57:39]Arrive Events - [Patient:Arrive - 19:57:39  Treatment Length - 00:12:00  Leave - 20:22:39  Priority - 500.80]
[Time:19:58:20]Treat Events  - [Patient:Arrive - 19:57:39  Treatment Length - 00:12:00  Leave - 20:22:39  Priority - 501.04]
[Time:19:58:20]Summarize     - [Patient Queue:Waiting Number - 5  Treated Number - 11  Total Number - 22  Treatment Rate 50.00%]
				[Patient:Arrive - 19:51:00  Treatment Length - 00:09:00  Leave - 20:13:39  Priority - 446.44]
				[Patient:Arrive - 19:54:00  Treatment Length - 00:09:00  Leave - 20:23:00  Priority - 442.64]
				[Patient:Arrive - 19:42:00  Treatment Length - 00:07:00  Leave - 20:01:00  Priority - 414.24]
				[Patient:Arrive - 19:39:39  Treatment Length - 00:06:00  Leave - 20:06:39  Priority - 395.04]
				[Patient:Arrive - 19:48:39  Treatment Length - 00:06:00  Leave - 20:00:00  Priority - 390.84]
[Time:20:00:00]Leave Events  - [Patient:Arrive - 19:51:00  Treatment Length - 00:09:00  Leave - 20:13:39  Priority - 446.70]
[Time:20:00:00]Leave Events  - [Patient:Arrive - 19:42:00  Treatment Length - 00:07:00  Leave - 20:01:00  Priority - 414.50]
[Time:20:00:00]Leave Events  - [Patient:Arrive - 19:48:39  Treatment Length - 00:06:00  Leave - 20:00:00  Priority - 391.10]
[Time:20:00:00]Arrive Events - [Patient:Arrive - 20:00:00  Treatment Length - 00:01:00  Leave - 20:07:39  Priority - 258.60]
[Time:20:00:00]Treat Events  - [Patient:Arrive - 19:54:00  Treatment Length - 00:09:00  Leave - 20:23:00  Priority - 451.00]
[Time:20:00:00]Summarize     - [Patient Queue:Waiting Number - 2  Treated Number - 12  Total Number - 23  Treatment Rate 52.17%]
				[Patient:Arrive - 19:39:39  Treatment Length - 00:06:00  Leave - 20:06:39  Priority - 403.40]
				[Patient:Arrive - 20:00:00  Treatment Length - 00:01:00  Leave - 20:07:39  Priority - 258.60]
[Time:20:00:09]Leave Events  - [Patient:Arrive - 19:39:39  Treatment Length - 00:06:00  Leave - 20:06:39  Priority - 403.40]
[Time:20:03:00]Arrive Events - [Patient:Arrive - 20:03:00  Treatment Length - 00:06:00  Leave - 20:04:00  Priority - 358.00]
[Time:20:04:10]Leave Events  - [Patient:Arrive - 20:03:00  Treatment Length - 00:06:00  Leave - 20:04:00  Priority - 358.20]
[Time:20:06:39]Arrive Events - [Patient:Arrive - 20:06:39  Treatment Length - 00:10:00  Leave - 20:07:39  Priority - 436.20]
[Time:20:07:09]Leave Events  - [Patient:Arrive - 20:06:39  Treatment Length - 00:10:00  Leave - 20:07:39  Priority - 436.40]
[Time:20:07:20]Leave Events  - [Patient:Arrive - 20:00:00  Treatment Length - 00:01:00  Leave - 20:07:39  Priority - 260.02]
[Time:20:09:00]Arrive Events - [Patient:Arrive - 20:09:00  Treatment Length - 00:10:00  Leave - 20:12:00  Priority - 434.00]
[Time:20:09:09]Treat Events  - [Patient:Arrive - 20:09:00  Treatment Length - 00:10:00  Leave - 20:12:00  Priority - 434.02]
[Time:20:09:09]Summarize     - [Patient Queue:Waiting Number - 0  Treated Number - 13  Total Number - 26  Treatment Rate 50.00%]
[Time:20:12:00]Arrive Events - [Patient:Arrive - 20:12:00  Treatment Length - 00:01:00  Leave - 20:23:00  Priority - 250.60]
[Time:20:15:39]Arrive Events - [Patient:Arrive - 20:15:39  Treatment Length - 00:01:00  Leave - 20:15:39  Priority - 251.00]
[Time:20:15:09]Leave Events  - [Patient:Arrive - 20:15:39  Treatment Length - 00:01:00  Leave - 20:15:39  Priority - 251.00]
[Time:20:18:00]Arrive Events - [Patient:Arrive - 20:18:00  Treatment Length - 00:04:00  Leave - 20:18:00  Priority - 309.20]
[Time:20:18:09]Leave Events  - [Patient:Arrive - 20:18:00  Treatment Length - 00:04:00  Leave - 20:18:00  Priority - 309.20]
[Time:20:19:19]Treat Events  - [Patient:Arrive - 20:12:00  Treatment Length - 00:01:00  Leave - 20:23:00  Priority - 252.04]
[Time:20:19:19]Summarize     - [Patient Queue:Waiting Number - 0  Treated Number - 14  Total Number - 29  Treatment Rate 48.28%]
[Time:20:21:39]Arrive Events - [Patient:Arrive - 20:21:39  Treatment Length - 00:05:00  Leave - 20:49:39  Priority - 321.80]
[Time:20:21:39]Treat Events  - [Patient:Arrive - 20:21:39  Treatment Length - 00:05:00  Leave - 20:49:39  Priority - 321.80]
[Time:20:21:39]Summarize     - [Patient Queue:Waiting Number - 0  Treated Number - 15  Total Number - 30  Treatment Rate 50.00%]
[Time:20:24:39]Arrive Events - [Patient:Arrive - 20:24:39  Treatment Length - 00:01:00  Leave - 20:51:00  Priority - 240.20]
[Time:20:26:00]Treat Events  - [Patient:Arrive - 20:24:39  Treatment Length - 00:01:00  Leave - 20:51:00  Priority - 240.60]
[Time:20:26:00]Summarize     - [Patient Queue:Waiting Number - 0  Treated Number - 16  Total Number - 31  Treatment Rate 51.61%]
[Time:20:27:00]Arrive Events - [Patient:Arrive - 20:27:00  Treatment Length - 00:01:00  Leave - 20:29:00  Priority - 243.40]
[Time:20:27:09]Treat Events  - [Patient:Arrive - 20:27:00  Treatment Length - 00:01:00  Leave - 20:29:00  Priority - 243.42]
[Time:20:27:09]Summarize     - [Patient Queue:Waiting Number - 0  Treated Number - 17  Total Number - 32  Treatment Rate 53.12%]
[Time:20:30:39]Arrive Events - [Patient:Arrive - 20:30:39  Treatment Length - 00:06:00  Leave - 20:55:39  Priority - 337.00]
[Time:20:30:39]Treat Events  - [Patient:Arrive - 20:30:39  Treatment Length - 00:06:00  Leave - 20:55:39  Priority - 337.00]
[Time:20:30:39]Summarize     - [Patient Queue:Waiting Number - 0  Treated Number - 18  Total Number - 33  Treatment Rate 54.55%]
[Time:20:33:39]Arrive Events - [Patient:Arrive - 20:33:39  Treatment Length - 00:09:00  Leave - 20:41:39  Priority - 398.60]
[Time:20:36:00]Arrive Events - [Patient:Arrive - 20:36:00  Treatment Length - 00:08:00  Leave - 20:55:00  Priority - 374.60]
[Time:20:36:00]Treat Events  - [Patient:Arrive - 20:33:39  Treatment Length - 00:09:00  Leave - 20:41:39  Priority - 399.20]
[Time:20:36:00]Summarize     - [Patient Queue:Waiting Number - 1  Treated Number - 19  Total Number - 35  Treatment Rate 54.29%]
				[Patient:Arrive - 20:36:00  Treatment Length - 00:08:00  Leave - 20:55:00  Priority - 374.60]
[Time:20:39:39]Arrive Events - [Patient:Arrive - 20:39:39  Treatment Length - 00:07:00  Leave - 21:00:39  Priority - 352.40]
[Time:20:42:00]Arrive Events - [Patient:Arrive - 20:42:00  Treatment Length - 00:04:00  Leave - 20:51:00  Priority - 293.00]
[Time:20:45:00]Arrive Events - [Patient:Arrive - 20:45:00  Treatment Length - 00:01:00  Leave - 21:14:00  Priority - 227.20]
[Time:20:45:10]Treat Events  - [Patient:Arrive - 20:36:00  Treatment Length - 00:08:00  Leave - 20:55:00  Priority - 376.42]
[Time:20:45:10]Summarize     - [Patient Queue:Waiting Number - 3  Treated Number - 20  Total Number - 38  Treatment Rate 52.63%]
				[Patient:Arrive - 20:39:39  Treatment Length - 00:07:00  Leave - 21:00:39  Priority - 353.62]
				[Patient:Arrive - 20:42:00  Treatment Length - 00:04:00  Leave - 20:51:00  Priority - 293.62]
				[Patient:Arrive - 20:45:00  Treatment Length - 00:01:00  Leave - 21:14:00  Priority - 227.22]
[Time:20:48:39]Arrive Events - [Patient:Arrive - 20:48:39  Treatment Length - 00:01:00  Leave - 21:13:39  Priority - 226.20]
[Time:20:51:00]Arrive Events - [Patient:Arrive - 20:51:00  Treatment Length - 00:10:00  Leave - 21:10:00  Priority - 405.60]
[Time:20:51:09]Leave Events  - [Patient:Arrive - 20:42:00  Treatment Length - 00:04:00  Leave - 20:51:00  Priority - 294.80]
[Time:20:53:19]Treat Events  - [Patient:Arrive - 20:51:00  Treatment Length - 00:10:00  Leave - 21:10:00  Priority - 406.04]
[Time:20:53:19]Summarize     - [Patient Queue:Waiting Number - 3  Treated Number - 21  Total Number - 40  Treatment Rate 52.50%]
				[Patient:Arrive - 20:39:39  Treatment Length - 00:07:00  Leave - 21:00:39  Priority - 355.24]
				[Patient:Arrive - 20:45:00  Treatment Length - 00:01:00  Leave - 21:14:00  Priority - 228.84]
				[Patient:Arrive - 20:48:39  Treatment Length - 00:01:00  Leave - 21:13:39  Priority - 227.24]
[Time:20:54:00]Arrive Events - [Patient:Arrive - 20:54:00  Treatment Length - 00:08:00  Leave - 21:10:00  Priority - 364.40]
[Time:20:57:39]Arrive Events - [Patient:Arrive - 20:57:39  Treatment Length - 00:04:00  Leave - 21:12:39  Priority - 282.80]
[Time:21:00:00]Leave Events  - [Patient:Arrive - 20:54:00  Treatment Length - 00:08:00  Leave - 21:10:00  Priority - 365.50]
[Time:21:00:00]Leave Events  - [Patient:Arrive - 20:57:39  Treatment Length - 00:04:00  Leave - 21:12:39  Priority - 283.30]
[Time:21:00:00]Leave Events  - [Patient:Arrive - 20:48:39  Treatment Length - 00:01:00  Leave - 21:13:39  Priority - 228.50]
[Time:21:00:00]Arrive Events - [Patient:Arrive - 21:00:00  Treatment Length - 00:12:00  Leave - 21:12:00  Priority - 417.60]
[Time:21:00:00]Treat Events  - [Patient:Arrive - 21:00:00  Treatment Length - 00:12:00  Leave - 21:12:00  Priority - 417.60]
[Time:21:00:00]Summarize     - [Patient Queue:Waiting Number - 2  Treated Number - 22  Total Number - 43  Treatment Rate 51.16%]
				[Patient:Arrive - 20:39:39  Treatment Length - 00:07:00  Leave - 21:00:39  Priority - 364.60]
				[Patient:Arrive - 20:45:00  Treatment Length - 00:01:00  Leave - 21:14:00  Priority - 238.20]
[Time:21:00:09]Leave Events  - [Patient:Arrive - 20:39:39  Treatment Length - 00:07:00  Leave - 21:00:39  Priority - 364.60]
[Time:21:00:20]Leave Events  - [Patient:Arrive - 20:45:00  Treatment Length - 00:01:00  Leave - 21:14:00  Priority - 238.22]
[Time:21:03:00]Arrive Events - [Patient:Arrive - 21:03:00  Treatment Length - 00:03:00  Leave - 21:25:00  Priority - 233.80]
[Time:21:06:39]Arrive Events - [Patient:Arrive - 21:06:39  Treatment Length - 00:01:00  Leave - 21:20:39  Priority - 193.60]
[Time:21:09:00]Arrive Events - [Patient:Arrive - 21:09:00  Treatment Length - 00:01:00  Leave - 21:21:00  Priority - 192.20]
[Time:21:12:00]Arrive Events - [Patient:Arrive - 21:12:00  Treatment Length - 00:01:00  Leave - 21:27:00  Priority - 189.80]
[Time:21:12:10]Treat Events  - [Patient:Arrive - 21:03:00  Treatment Length - 00:03:00  Leave - 21:25:00  Priority - 235.62]
[Time:21:12:10]Summarize     - [Patient Queue:Waiting Number - 3  Treated Number - 23  Total Number - 47  Treatment Rate 48.94%]
				[Patient:Arrive - 21:06:39  Treatment Length - 00:01:00  Leave - 21:20:39  Priority - 194.82]
				[Patient:Arrive - 21:09:00  Treatment Length - 00:01:00  Leave - 21:21:00  Priority - 192.82]
				[Patient:Arrive - 21:12:00  Treatment Length - 00:01:00  Leave - 21:27:00  Priority - 189.82]
[Time:21:15:39]Arrive Events - [Patient:Arrive - 21:15:39  Treatment Length - 00:07:00  Leave - 21:26:00  Priority - 308.80]
[Time:21:15:20]Treat Events  - [Patient:Arrive - 21:15:39  Treatment Length - 00:07:00  Leave - 21:26:00  Priority - 308.84]
[Time:21:15:20]Summarize     - [Patient Queue:Waiting Number - 3  Treated Number - 24  Total Number - 48  Treatment Rate 50.00%]
				[Patient:Arrive - 21:06:39  Treatment Length - 00:01:00  Leave - 21:20:39  Priority - 195.44]
				[Patient:Arrive - 21:09:00  Treatment Length - 00:01:00  Leave - 21:21:00  Priority - 193.44]
				[Patient:Arrive - 21:12:00  Treatment Length - 00:01:00  Leave - 21:27:00  Priority - 190.44]
[Time:21:18:00]Arrive Events - [Patient:Arrive - 21:18:00  Treatment Length - 00:06:00  Leave - 21:31:39  Priority - 286.60]
[Time:21:20:00]Leave Events  - [Patient:Arrive - 21:06:39  Treatment Length - 00:01:00  Leave - 21:20:39  Priority - 196.30]
[Time:21:21:39]Arrive Events - [Patient:Arrive - 21:21:39  Treatment Length - 00:08:00  Leave - 21:27:39  Priority - 326.20]
[Time:21:21:10]Leave Events  - [Patient:Arrive - 21:09:00  Treatment Length - 00:01:00  Leave - 21:21:00  Priority - 194.60]
[Time:21:22:29]Treat Events  - [Patient:Arrive - 21:21:39  Treatment Length - 00:08:00  Leave - 21:27:39  Priority - 326.46]
[Time:21:22:29]Summarize     - [Patient Queue:Waiting Number - 2  Treated Number - 25  Total Number - 50  Treatment Rate 50.00%]
				[Patient:Arrive - 21:18:00  Treatment Length - 00:06:00  Leave - 21:31:39  Priority - 287.46]
				[Patient:Arrive - 21:12:00  Treatment Length - 00:01:00  Leave - 21:27:00  Priority - 191.86]
[Time:21:24:39]Arrive Events - [Patient:Arrive - 21:24:39  Treatment Length - 00:08:00  Leave - 21:41:39  Priority - 322.20]
[Time:21:27:00]Arrive Events - [Patient:Arrive - 21:27:00  Treatment Length - 00:01:00  Leave - 21:37:00  Priority - 181.80]
[Time:21:27:09]Leave Events  - [Patient:Arrive - 21:12:00  Treatment Length - 00:01:00  Leave - 21:27:00  Priority - 192.80]
[Time:21:30:39]Arrive Events - [Patient:Arrive - 21:30:39  Treatment Length - 00:01:00  Leave - 21:54:39  Priority - 177.20]
[Time:21:30:40]Treat Events  - [Patient:Arrive - 21:24:39  Treatment Length - 00:08:00  Leave - 21:41:39  Priority - 323.48]
[Time:21:30:40]Summarize     - [Patient Queue:Waiting Number - 3  Treated Number - 26  Total Number - 53  Treatment Rate 49.06%]
				[Patient:Arrive - 21:18:00  Treatment Length - 00:06:00  Leave - 21:31:39  Priority - 289.08]
				[Patient:Arrive - 21:27:00  Treatment Length - 00:01:00  Leave - 21:37:00  Priority - 182.48]
				[Patient:Arrive - 21:30:39  Treatment Length - 00:01:00  Leave - 21:54:39  Priority - 177.28]
[Time:21:31:10]Leave Events  - [Patient:Arrive - 21:18:00  Treatment Length - 00:06:00  Leave - 21:31:39  Priority - 289.20]
[Time:21:33:39]Arrive Events - [Patient:Arrive - 21:33:39  Treatment Length - 00:07:00  Leave - 21:44:00  Priority - 298.00]
[Time:21:36:00]Arrive Events - [Patient:Arrive - 21:36:00  Treatment Length - 00:02:00  Leave - 21:53:00  Priority - 195.00]
[Time:21:37:10]Leave Events  - [Patient:Arrive - 21:27:00  Treatment Length - 00:01:00  Leave - 21:37:00  Priority - 183.80]
[Time:21:38:50]Treat Events  - [Patient:Arrive - 21:33:39  Treatment Length - 00:07:00  Leave - 21:44:00  Priority - 299.10]
[Time:21:38:50]Summarize     - [Patient Queue:Waiting Number - 2  Treated Number - 27  Total Number - 55  Treatment Rate 49.09%]
				[Patient:Arrive - 21:36:00  Treatment Length - 00:02:00  Leave - 21:53:00  Priority - 195.50]
				[Patient:Arrive - 21:30:39  Treatment Length - 00:01:00  Leave - 21:54:39  Priority - 178.90]
[Time:21:39:39]Arrive Events - [Patient:Arrive - 21:39:39  Treatment Length - 00:06:00  Leave - 21:59:00  Priority - 272.60]
[Time:21:42:00]Arrive Events - [Patient:Arrive - 21:42:00  Treatment Length - 00:06:00  Leave - 21:59:00  Priority - 271.40]
[Time:21:45:00]Arrive Events - [Patient:Arrive - 21:45:00  Treatment Length - 00:02:00  Leave - 21:49:00  Priority - 192.20]
[Time:21:46:39]Treat Events  - [Patient:Arrive - 21:39:39  Treatment Length - 00:06:00  Leave - 21:59:00  Priority - 274.00]
[Time:21:46:39]Summarize     - [Patient Queue:Waiting Number - 4  Treated Number - 28  Total Number - 58  Treatment Rate 48.28%]
				[Patient:Arrive - 21:42:00  Treatment Length - 00:06:00  Leave - 21:59:00  Priority - 272.20]
				[Patient:Arrive - 21:36:00  Treatment Length - 00:02:00  Leave - 21:53:00  Priority - 197.00]
				[Patient:Arrive - 21:45:00  Treatment Length - 00:02:00  Leave - 21:49:00  Priority - 192.40]
				[Patient:Arrive - 21:30:39  Treatment Length - 00:01:00  Leave - 21:54:39  Priority - 180.40]
[Time:21:48:39]Arrive Events - [Patient:Arrive - 21:48:39  Treatment Length - 00:01:00  Leave - 21:53:39  Priority - 170.20]
[Time:21:49:09]Leave Events  - [Patient:Arrive - 21:45:00  Treatment Length - 00:02:00  Leave - 21:49:00  Priority - 193.00]
[Time:21:51:00]Arrive Events - [Patient:Arrive - 21:51:00  Treatment Length - 00:12:00  Leave - 22:14:39  Priority - 384.80]
[Time:21:52:00]Treat Events  - [Patient:Arrive - 21:51:00  Treatment Length - 00:12:00  Leave - 22:14:39  Priority - 385.00]
[Time:21:52:00]Summarize     - [Patient Queue:Waiting Number - 4  Treated Number - 29  Total Number - 60  Treatment Rate 48.33%]
				[Patient:Arrive - 21:42:00  Treatment Length - 00:06:00  Leave - 21:59:00  Priority - 273.40]
				[Patient:Arrive - 21:36:00  Treatment Length - 00:02:00  Leave - 21:53:00  Priority - 198.20]
				[Patient:Arrive - 21:30:39  Treatment Length - 00:01:00  Leave - 21:54:39  Priority - 181.60]
				[Patient:Arrive - 21:48:39  Treatment Length - 00:01:00  Leave - 21:53:39  Priority - 171.00]
[Time:21:53:00]Leave Events  - [Patient:Arrive - 21:48:39  Treatment Length - 00:01:00  Leave - 21:53:39  Priority - 171.10]
[Time:21:53:10]Leave Events  - [Patient:Arrive - 21:36:00  Treatment Length - 00:02:00  Leave - 21:53:00  Priority - 198.40]
[Time:21:54:00]Leave Events  - [Patient:Arrive - 21:30:39  Treatment Length - 00:01:00  Leave - 21:54:39  Priority - 181.90]
[Time:21:54:00]Arrive Events - [Patient:Arrive - 21:54:00  Treatment Length - 00:01:00  Leave - 22:22:00  Priority - 162.00]
[Time:21:57:39]Arrive Events - [Patient:Arrive - 21:57:39  Treatment Length - 00:12:00  Leave - 22:17:00  Priority - 381.80]
[Time:21:59:09]Leave Events  - [Patient:Arrive - 21:42:00  Treatment Length - 00:06:00  Leave - 21:59:00  Priority - 274.80]
[Time:22:00:00]Leave Events  - [Patient:Arrive - 21:57:39  Treatment Length - 00:12:00  Leave - 22:17:00  Priority - 382.30]
[Time:22:00:00]Arrive Events - [Patient:Arrive - 22:00:00  Treatment Length - 00:08:00  Leave - 22:14:39  Priority - 277.20]
[Time:22:00:00]Treat Events  - [Patient:Arrive - 22:00:00  Treatment Length - 00:08:00  Leave - 22:14:39  Priority - 277.20]
[Time:22:00:00]Summarize     - [Patient Queue:Waiting Number - 1  Treated Number - 30  Total Number - 63  Treatment Rate 47.62%]
				[Patient:Arrive - 21:54:00  Treatment Length - 00:01:00  Leave - 22:22:00  Priority - 171.20]
[Time:22:00:09]Leave Events  - [Patient:Arrive - 21:54:00  Treatment Length - 00:01:00  Leave - 22:22:00  Priority - 171.20]
[Time:22:03:00]Arrive Events - [Patient:Arrive - 22:03:00  Treatment Length - 00:03:00  Leave - 22:16:39  Priority - 175.60]
[Time:22:06:39]Arrive Events - [Patient:Arrive - 22:06:39  Treatment Length - 00:05:00  Leave - 22:07:39  Priority - 216.20]
[Time:22:07:09]Leave Events  - [Patient:Arrive - 22:06:39  Treatment Length - 00:05:00  Leave - 22:07:39  Priority - 216.40]
[Time:22:08:09]Treat Events  - [Patient:Arrive - 22:03:00  Treatment Length - 00:03:00  Leave - 22:16:39  Priority - 176.62]
[Time:22:08:09]Summarize     - [Patient Queue:Waiting Number - 0  Treated Number - 31  Total Number - 65  Treatment Rate 47.69%]
[Time:22:09:00]Arrive Events - [Patient:Arrive - 22:09:00  Treatment Length - 00:01:00  Leave - 22:13:00  Priority - 133.80]
[Time:22:11:19]Treat Events  - [Patient:Arrive - 22:09:00  Treatment Length - 00:01:00  Leave - 22:13:00  Priority - 134.24]
[Time:22:11:19]Summarize     - [Patient Queue:Waiting Number - 0  Treated Number - 32  Total Number - 66  Treatment Rate 48.48%]
[Time:22:12:00]Arrive Events - [Patient:Arrive - 22:12:00  Treatment Length - 00:03:00  Leave - 22:33:39  Priority - 168.60]
[Time:22:12:29]Treat Events  - [Patient:Arrive - 22:12:00  Treatment Length - 00:03:00  Leave - 22:33:39  Priority - 168.66]
[Time:22:12:29]Summarize     - [Patient Queue:Waiting Number - 0  Treated Number - 33  Total Number - 67  Treatment Rate 49.25%]
[Time:22:15:39]Arrive Events - [Patient:Arrive - 22:15:39  Treatment Length - 00:03:00  Leave - 22:21:39  Priority - 169.80]
[Time:22:15:39]Treat Events  - [Patient:Arrive - 22:15:39  Treatment Length - 00:03:00  Leave - 22:21:39  Priority - 169.88]
[Time:22:15:39]Summarize     - [Patient Queue:Waiting Number - 0  Treated Number - 34  Total Number - 68  Treatment Rate 50.00%]
[Time:22:18:00]Arrive Events - [Patient:Arrive - 22:18:00  Treatment Length - 00:07:00  Leave - 22:48:39  Priority - 243.20]
[Time:22:18:49]Treat Events  - [Patient:Arrive - 22:18:00  Treatment Length - 00:07:00  Leave - 22:48:39  Priority - 243.30]
[Time:22:18:49]Summarize     - [Patient Queue:Waiting Number - 0  Treated Number - 35  Total Number - 69  Treatment Rate 50.72%]
[Time:22:21:39]Arrive Events - [Patient:Arrive - 22:21:39  Treatment Length - 00:01:00  Leave - 22:32:39  Priority - 125.20]
[Time:22:24:39]Arrive Events - [Patient:Arrive - 22:24:39  Treatment Length - 00:11:00  Leave - 22:39:39  Priority - 322.60]
[Time:22:26:00]Treat Events  - [Patient:Arrive - 22:24:39  Treatment Length - 00:11:00  Leave - 22:39:39  Priority - 323.00]
[Time:22:26:00]Summarize     - [Patient Queue:Waiting Number - 1  Treated Number - 36  Total Number - 71  Treatment Rate 50.70%]
				[Patient:Arrive - 22:21:39  Treatment Length - 00:01:00  Leave - 22:32:39  Priority - 126.20]
[Time:22:27:00]Arrive Events - [Patient:Arrive - 22:27:00  Treatment Length - 00:03:00  Leave - 22:27:00  Priority - 163.80]
[Time:22:27:09]Leave Events  - [Patient:Arrive - 22:27:00  Treatment Length - 00:03:00  Leave - 22:27:00  Priority - 163.80]
[Time:22:30:39]Arrive Events - [Patient:Arrive - 22:30:39  Treatment Length - 00:04:00  Leave - 22:49:39  Priority - 178.20]
[Time:22:32:09]Leave Events  - [Patient:Arrive - 22:21:39  Treatment Length - 00:01:00  Leave - 22:32:39  Priority - 127.40]
[Time:22:33:39]Arrive Events - [Patient:Arrive - 22:33:39  Treatment Length - 00:12:00  Leave - 22:58:39  Priority - 335.20]
[Time:22:36:00]Arrive Events - [Patient:Arrive - 22:36:00  Treatment Length - 00:11:00  Leave - 22:45:00  Priority - 316.60]
[Time:22:37:10]Treat Events  - [Patient:Arrive - 22:33:39  Treatment Length - 00:12:00  Leave - 22:58:39  Priority - 336.02]
[Time:22:37:10]Summarize     - [Patient Queue:Waiting Number - 2  Treated Number - 37  Total Number - 75  Treatment Rate 49.33%]
				[Patient:Arrive - 22:36:00  Treatment Length - 00:11:00  Leave - 22:45:00  Priority - 316.82]
				[Patient:Arrive - 22:30:39  Treatment Length - 00:04:00  Leave - 22:49:39  Priority - 179.62]
[Time:22:39:39]Arrive Events - [Patient:Arrive - 22:39:39  Treatment Length - 00:03:00  Leave - 23:00:39  Priority - 152.40]
[Time:22:42:00]Arrive Events - [Patient:Arrive - 22:42:00  Treatment Length - 00:01:00  Leave - 23:07:00  Priority - 109.80]
[Time:22:45:00]Arrive Events - [Patient:Arrive - 22:45:00  Treatment Length - 00:01:00  Leave - 22:58:39  Priority - 110.40]
[Time:22:45:10]Leave Events  - [Patient:Arrive - 22:36:00  Treatment Length - 00:11:00  Leave - 22:45:00  Priority - 318.40]
[Time:22:48:39]Arrive Events - [Patient:Arrive - 22:48:39  Treatment Length - 00:09:00  Leave - 22:50:00  Priority - 270.80]
[Time:22:49:09]Leave Events  - [Patient:Arrive - 22:30:39  Treatment Length - 00:04:00  Leave - 22:49:39  Priority - 182.00]
[Time:22:49:20]Treat Events  - [Patient:Arrive - 22:48:39  Treatment Length - 00:09:00  Leave - 22:50:00  Priority - 271.04]
[Time:22:49:20]Summarize     - [Patient Queue:Waiting Number - 3  Treated Number - 38  Total Number - 79  Treatment Rate 48.10%]
				[Patient:Arrive - 22:39:39  Treatment Length - 00:03:00  Leave - 23:00:39  Priority - 154.44]
				[Patient:Arrive - 22:42:00  Treatment Length - 00:01:00  Leave - 23:07:00  Priority - 111.24]
				[Patient:Arrive - 22:45:00  Treatment Length - 00:01:00  Leave - 22:58:39  Priority - 111.24]
[Time:22:51:00]Arrive Events - [Patient:Arrive - 22:51:00  Treatment Length - 00:10:00  Leave - 23:21:39  Priority - 283.40]
[Time:22:54:00]Arrive Events - [Patient:Arrive - 22:54:00  Treatment Length - 00:02:00  Leave - 23:11:00  Priority - 124.20]
