Copyright 1986-2016 Xilinx, Inc. All Rights Reserved.
-------------------------------------------------------------------------------------------------------------------------------------------------
| Tool Version     : Vivado v.2016.2 (lin64) Build 1577090 Thu Jun  2 16:32:35 MDT 2016
| Date             : Sun Sep 25 01:35:20 2016
| Host             : uncertainmove-Lenovo running 64-bit Ubuntu 16.04 LTS
| Command          : report_power -file controler_power_routed.rpt -pb controler_power_summary_routed.pb -rpx controler_power_routed.rpx
| Design           : controler
| Device           : xc7a100tcsg324-1
| Design State     : routed
| Grade            : commercial
| Process          : typical
| Characterization : Production
-------------------------------------------------------------------------------------------------------------------------------------------------

Power Report

Table of Contents
-----------------
1. Summary
1.1 On-Chip Components
1.2 Power Supply Summary
1.3 Confidence Level
2. Settings
2.1 Environment
2.2 Clock Constraints
3. Detailed Reports
3.1 By Hierarchy

1. Summary
----------

+--------------------------+----------------------------------+
| Total On-Chip Power (W)  | 65.490 (Junction temp exceeded!) |
| Dynamic (W)              | 64.693                           |
| Device Static (W)        | 0.797                            |
| Effective TJA (C/W)      | 4.6                              |
| Max Ambient (C)          | 0.0                              |
| Junction Temperature (C) | 125.0                            |
| Confidence Level         | Low                              |
| Setting File             | ---                              |
| Simulation Activity File | ---                              |
| Design Nets Matched      | NA                               |
+--------------------------+----------------------------------+


1.1 On-Chip Components
----------------------

+----------------+-----------+----------+-----------+-----------------+
| On-Chip        | Power (W) | Used     | Available | Utilization (%) |
+----------------+-----------+----------+-----------+-----------------+
| Slice Logic    |    11.212 |     4139 |       --- |             --- |
|   LUT as Logic |     9.668 |     2219 |     63400 |            3.50 |
|   CARRY4       |     1.440 |      501 |     15850 |            3.16 |
|   BUFG         |     0.058 |       10 |        32 |           31.25 |
|   Register     |     0.034 |      678 |    126800 |            0.53 |
|   F7/F8 Muxes  |     0.012 |        8 |     63400 |            0.01 |
|   Others       |     0.000 |       47 |       --- |             --- |
| Signals        |     9.178 |     3086 |       --- |             --- |
| I/O            |    44.302 |       31 |       210 |           14.76 |
| Static Power   |     0.797 |          |           |                 |
| Total          |    65.490 |          |           |                 |
+----------------+-----------+----------+-----------+-----------------+


1.2 Power Supply Summary
------------------------

+-----------+-------------+-----------+-------------+------------+
| Source    | Voltage (V) | Total (A) | Dynamic (A) | Static (A) |
+-----------+-------------+-----------+-------------+------------+
| Vccint    |       1.000 |    20.970 |      20.407 |      0.563 |
| Vccaux    |       1.800 |     1.716 |       1.623 |      0.093 |
| Vcco33    |       3.300 |    12.539 |      12.535 |      0.004 |
| Vcco25    |       2.500 |     0.000 |       0.000 |      0.000 |
| Vcco18    |       1.800 |     0.000 |       0.000 |      0.000 |
| Vcco15    |       1.500 |     0.000 |       0.000 |      0.000 |
| Vcco135   |       1.350 |     0.000 |       0.000 |      0.000 |
| Vcco12    |       1.200 |     0.000 |       0.000 |      0.000 |
| Vccaux_io |       1.800 |     0.000 |       0.000 |      0.000 |
| Vccbram   |       1.000 |     0.018 |       0.000 |      0.018 |
| MGTAVcc   |       1.000 |     0.000 |       0.000 |      0.000 |
| MGTAVtt   |       1.200 |     0.000 |       0.000 |      0.000 |
| Vccadc    |       1.800 |     0.020 |       0.000 |      0.020 |
+-----------+-------------+-----------+-------------+------------+


1.3 Confidence Level
--------------------

+-----------------------------+------------+--------------------------------------------------------+--------------------------------------------------------------------------------------------------------------------+
| User Input Data             | Confidence | Details                                                | Action                                                                                                             |
+-----------------------------+------------+--------------------------------------------------------+--------------------------------------------------------------------------------------------------------------------+
| Design implementation state | High       | Design is routed                                       |                                                                                                                    |
| Clock nodes activity        | Low        | User specified less than 75% of clocks                 | Provide missing clock activity with a constraint file, simulation results or by editing the "By Clock Domain" view |
| I/O nodes activity          | Low        | More than 75% of inputs are missing user specification | Provide missing input activity with simulation results or by editing the "By Resource Type -> I/Os" view           |
| Internal nodes activity     | Medium     | User specified less than 25% of internal nodes         | Provide missing internal nodes activity with simulation results or by editing the "By Resource Type" views         |
| Device models               | High       | Device models are Production                           |                                                                                                                    |
|                             |            |                                                        |                                                                                                                    |
| Overall confidence level    | Low        |                                                        |                                                                                                                    |
+-----------------------------+------------+--------------------------------------------------------+--------------------------------------------------------------------------------------------------------------------+


2. Settings
-----------

2.1 Environment
---------------

+-----------------------+--------------------------+
| Ambient Temp (C)      | 25.0                     |
| ThetaJA (C/W)         | 4.6                      |
| Airflow (LFM)         | 250                      |
| Heat Sink             | medium (Medium Profile)  |
| ThetaSA (C/W)         | 4.6                      |
| Board Selection       | medium (10"x10")         |
| # of Board Layers     | 12to15 (12 to 15 Layers) |
| Board Temperature (C) | 25.0                     |
+-----------------------+--------------------------+


2.2 Clock Constraints
---------------------

+-------+--------+-----------------+
| Clock | Domain | Constraint (ns) |
+-------+--------+-----------------+


3. Detailed Reports
-------------------

3.1 By Hierarchy
----------------

+----------------------+-----------+
| Name                 | Power (W) |
+----------------------+-----------+
| controler            |    64.693 |
|   DEWATER_MODE       |     0.424 |
|     TIMER_WASH       |     0.034 |
|     WATER_OUT_MODE   |     0.049 |
|       WATER_IN_TIMER |     0.033 |
|   MODE_SEL           |     0.157 |
|   RINSE_MODE         |     0.558 |
|     DEWATERIGN_TIMER |     0.051 |
|     RINSING_TIMER    |     0.054 |
|     WATER_IN_MODE    |     0.213 |
|       WATER_IN_TIMER |     0.203 |
|   TICK_DEVIDER       |     0.221 |
|   TIME_DISPLAYER     |    13.483 |
|     HOUR_SEG         |     6.148 |
|     MIN_SEG          |     5.437 |
|     SEC_SEG          |     0.088 |
|   WASH_MODE          |     0.203 |
|     TIMER_WASH       |     0.043 |
|     WATER_IN_MODE    |     0.052 |
|       WATER_IN_TIMER |     0.037 |
|   WEIGHT_SEL         |     0.440 |
+----------------------+-----------+


