[Time:11:25:37]Arrive Events - [Patient:Arrive - 11:25:37  Treatment Length - 00:01:00  Leave - 11:45:37  Priority - 780.78]
[Time:11:25:37]Treat Events  - [Patient:Arrive - 11:25:37  Treatment Length - 00:01:00  Leave - 11:45:37  Priority - 780.78]
[Time:11:25:37]Summarize     - [Patient Queue:Waiting Number - 0  Treated Number - 1  Total Number - 1  Treatment Rate 100.00%]
[Time:11:28:40]Arrive Events - [Patient:Arrive - 11:28:40  Treatment Length - 00:03:00  Leave - 11:39:40  Priority - 820.76]
[Time:11:28:40]Treat Events  - [Patient:Arrive - 11:28:40  Treatment Length - 00:03:00  Leave - 11:39:40  Priority - 820.76]
[Time:11:28:40]Summarize     - [Patient Queue:Waiting Number - 0  Treated Number - 2  Total Number - 2  Treatment Rate 100.00%]
[Time:11:31:40]Arrive Events - [Patient:Arrive - 11:31:40  Treatment Length - 00:05:00  Leave - 11:38:39  Priority - 859.76]
[Time:11:31:49]Treat Events  - [Patient:Arrive - 11:31:40  Treatment Length - 00:05:00  Leave - 11:38:39  Priority - 859.78]
[Time:11:31:49]Summarize     - [Patient Queue:Waiting Number - 0  Treated Number - 3  Total Number - 3  Treatment Rate 100.00%]
[Time:11:34:39]Arrive Events - [Patient:Arrive - 11:34:39  Treatment Length - 00:01:00  Leave - 11:53:39  Priority - 775.56]
[Time:11:37:39]Treat Events  - [Patient:Arrive - 11:34:39  Treatment Length - 00:01:00  Leave - 11:53:39  Priority - 776.08]
[Time:11:37:39]Summarize     - [Patient Queue:Waiting Number - 0  Treated Number - 4  Total Number - 4  Treatment Rate 100.00%]
[Time:11:37:39]Arrive Events - [Patient:Arrive - 11:37:39  Treatment Length - 00:05:00  Leave - 12:06:39  Priority - 851.76]
[Time:11:38:09]Treat Events  - [Patient:Arrive - 11:37:39  Treatment Length - 00:05:00  Leave - 12:06:39  Priority - 851.90]
[Time:11:38:09]Summarize     - [Patient Queue:Waiting Number - 0  Treated Number - 5  Total Number - 5  Treatment Rate 100.00%]
[Time:11:40:40]Arrive Events - [Patient:Arrive - 11:40:40  Treatment Length - 00:06:00  Leave - 12:07:40  Priority - 870.36]
[Time:11:43:20]Treat Events  - [Patient:Arrive - 11:40:40  Treatment Length - 00:06:00  Leave - 12:07:40  Priority - 870.92]
[Time:11:43:20]Summarize     - [Patient Queue:Waiting Number - 0  Treated Number - 6  Total Number - 6  Treatment Rate 100.00%]
[Time:11:43:40]Arrive Events - [Patient:Arrive - 11:43:40  Treatment Length - 00:01:00  Leave - 11:59:39  Priority - 770.76]
[Time:11:46:39]Arrive Events - [Patient:Arrive - 11:46:39  Treatment Length - 00:07:00  Leave - 11:56:40  Priority - 890.16]
[Time:11:49:30]Treat Events  - [Patient:Arrive - 11:46:39  Treatment Length - 00:07:00  Leave - 11:56:40  Priority - 890.74]
[Time:11:49:30]Summarize     - [Patient Queue:Waiting Number - 1  Treated Number - 7  Total Number - 8  Treatment Rate 87.50%]
				[Patient:Arrive - 11:43:40  Treatment Length - 00:01:00  Leave - 11:59:39  Priority - 771.94]
[Time:11:49:40]Arrive Events - [Patient:Arrive - 11:49:40  Treatment Length - 00:04:00  Leave - 12:05:40  Priority - 827.16]
[Time:11:52:40]Arrive Events - [Patient:Arrive - 11:52:40  Treatment Length - 00:12:00  Leave - 12:02:40  Priority - 986.56]
[Time:11:55:39]Arrive Events - [Patient:Arrive - 11:55:39  Treatment Length - 00:06:00  Leave - 12:18:39  Priority - 862.16]
[Time:11:56:40]Treat Events  - [Patient:Arrive - 11:52:40  Treatment Length - 00:12:00  Leave - 12:02:40  Priority - 987.36]
[Time:11:56:40]Summarize     - [Patient Queue:Waiting Number - 3  Treated Number - 8  Total Number - 11  Treatment Rate 72.73%]
				[Patient:Arrive - 11:55:39  Treatment Length - 00:06:00  Leave - 12:18:39  Priority - 862.36]
				[Patient:Arrive - 11:49:40  Treatment Length - 00:04:00  Leave - 12:05:40  Priority - 828.56]
				[Patient:Arrive - 11:43:40  Treatment Length - 00:01:00  Leave - 11:59:39  Priority - 773.36]
[Time:11:58:39]Arrive Events - [Patient:Arrive - 11:58:39  Treatment Length - 00:02:00  Leave - 12:15:39  Priority - 781.56]
[Time:11:59:50]Leave Events  - [Patient:Arrive - 11:43:40  Treatment Length - 00:01:00  Leave - 11:59:39  Priority - 773.96]
[Time:12:00:00]Leave Events  - [Patient:Arrive - 11:55:39  Treatment Length - 00:06:00  Leave - 12:18:39  Priority - 862.98]
[Time:12:00:00]Leave Events  - [Patient:Arrive - 11:58:39  Treatment Length - 00:02:00  Leave - 12:15:39  Priority - 781.78]
[Time:12:00:00]Arrive Events - [Patient:Arrive - 12:00:00  Treatment Length - 00:11:00  Leave - 12:19:39  Priority - 936.20]
[Time:12:00:00]Treat Events  - [Patient:Arrive - 12:00:00  Treatment Length - 00:11:00  Leave - 12:19:39  Priority - 936.20]
[Time:12:00:00]Summarize     - [Patient Queue:Waiting Number - 1  Treated Number - 9  Total Number - 13  Treatment Rate 69.23%]
				[Patient:Arrive - 11:49:40  Treatment Length - 00:04:00  Leave - 12:05:40  Priority - 837.28]
[Time:12:00:10]Leave Events  - [Patient:Arrive - 11:49:40  Treatment Length - 00:04:00  Leave - 12:05:40  Priority - 837.28]
[Time:12:03:39]Arrive Events - [Patient:Arrive - 12:03:39  Treatment Length - 00:02:00  Leave - 12:23:39  Priority - 754.20]
[Time:12:06:00]Arrive Events - [Patient:Arrive - 12:06:00  Treatment Length - 00:02:00  Leave - 12:20:00  Priority - 753.60]
[Time:12:09:00]Arrive Events - [Patient:Arrive - 12:09:00  Treatment Length - 00:05:00  Leave - 12:39:00  Priority - 808.60]
[Time:12:11:10]Treat Events  - [Patient:Arrive - 12:09:00  Treatment Length - 00:05:00  Leave - 12:39:00  Priority - 809.02]
[Time:12:11:10]Summarize     - [Patient Queue:Waiting Number - 2  Treated Number - 10  Total Number - 16  Treatment Rate 62.50%]
				[Patient:Arrive - 12:03:39  Treatment Length - 00:02:00  Leave - 12:23:39  Priority - 755.82]
				[Patient:Arrive - 12:06:00  Treatment Length - 00:02:00  Leave - 12:20:00  Priority - 754.62]
[Time:12:12:39]Arrive Events - [Patient:Arrive - 12:12:39  Treatment Length - 00:10:00  Leave - 12:15:39  Priority - 912.20]
[Time:12:15:39]Arrive Events - [Patient:Arrive - 12:15:39  Treatment Length - 00:01:00  Leave - 12:41:39  Priority - 725.80]
[Time:12:15:10]Leave Events  - [Patient:Arrive - 12:12:39  Treatment Length - 00:10:00  Leave - 12:15:39  Priority - 912.80]
[Time:12:16:19]Treat Events  - [Patient:Arrive - 12:03:39  Treatment Length - 00:02:00  Leave - 12:23:39  Priority - 756.84]
[Time:12:16:19]Summarize     - [Patient Queue:Waiting Number - 2  Treated Number - 11  Total Number - 18  Treatment Rate 61.11%]
				[Patient:Arrive - 12:06:00  Treatment Length - 00:02:00  Leave - 12:20:00  Priority - 755.64]
				[Patient:Arrive - 12:15:39  Treatment Length - 00:01:00  Leave - 12:41:39  Priority - 726.04]
[Time:12:18:00]Arrive Events - [Patient:Arrive - 12:18:00  Treatment Length - 00:04:00  Leave - 12:31:00  Priority - 786.60]
[Time:12:18:29]Treat Events  - [Patient:Arrive - 12:18:00  Treatment Length - 00:04:00  Leave - 12:31:00  Priority - 786.66]
[Time:12:18:29]Summarize     - [Patient Queue:Waiting Number - 2  Treated Number - 12  Total Number - 19  Treatment Rate 63.16%]
				[Patient:Arrive - 12:06:00  Treatment Length - 00:02:00  Leave - 12:20:00  Priority - 756.06]
				[Patient:Arrive - 12:15:39  Treatment Length - 00:01:00  Leave - 12:41:39  Priority - 726.46]
[Time:12:20:10]Leave Events  - [Patient:Arrive - 12:06:00  Treatment Length - 00:02:00  Leave - 12:20:00  Priority - 756.40]
[Time:12:21:00]Arrive Events - [Patient:Arrive - 12:21:00  Treatment Length - 00:10:00  Leave - 12:24:39  Priority - 906.80]
[Time:12:22:39]Treat Events  - [Patient:Arrive - 12:21:00  Treatment Length - 00:10:00  Leave - 12:24:39  Priority - 907.08]
[Time:12:22:39]Summarize     - [Patient Queue:Waiting Number - 1  Treated Number - 13  Total Number - 20  Treatment Rate 65.00%]
				[Patient:Arrive - 12:15:39  Treatment Length - 00:01:00  Leave - 12:41:39  Priority - 727.28]
[Time:12:24:39]Arrive Events - [Patient:Arrive - 12:24:39  Treatment Length - 00:12:00  Leave - 12:32:39  Priority - 944.00]
