[Time:08:46:30]Arrive Events - [Patient:Arrive - 08:46:30  Treatment Length - 00:10:00  Leave - 08:58:30  Priority - 1129.82]
[Time:08:46:30]Treat Events  - [Patient:Arrive - 08:46:30  Treatment Length - 00:10:00  Leave - 08:58:30  Priority - 1129.82]
[Time:08:46:30]Summarize     - [Patient Queue:Waiting Number - 0  Treated Number - 1  Total Number - 1  Treatment Rate 100.00%]
[Time:08:49:30]Arrive Events - [Patient:Arrive - 08:49:30  Treatment Length - 00:08:00  Leave - 08:59:30  Priority - 1088.42]
[Time:08:52:29]Arrive Events - [Patient:Arrive - 08:52:29  Treatment Length - 00:01:00  Leave - 09:14:30  Priority - 944.22]
[Time:08:55:30]Arrive Events - [Patient:Arrive - 08:55:30  Treatment Length - 00:01:00  Leave - 09:01:30  Priority - 945.62]
[Time:08:56:40]Treat Events  - [Patient:Arrive - 08:49:30  Treatment Length - 00:08:00  Leave - 08:59:30  Priority - 1089.84]
[Time:08:56:40]Summarize     - [Patient Queue:Waiting Number - 2  Treated Number - 2  Total Number - 4  Treatment Rate 50.00%]
				[Patient:Arrive - 08:55:30  Treatment Length - 00:01:00  Leave - 09:01:30  Priority - 945.84]
				[Patient:Arrive - 08:52:29  Treatment Length - 00:01:00  Leave - 09:14:30  Priority - 945.04]
[Time:08:58:30]Arrive Events - [Patient:Arrive - 08:58:30  Treatment Length - 00:04:00  Leave - 09:21:29  Priority - 1000.42]
[Time:09:00:00]Leave Events  - [Patient:Arrive - 08:58:30  Treatment Length - 00:04:00  Leave - 09:21:29  Priority - 1000.66]
[Time:09:00:00]Leave Events  - [Patient:Arrive - 08:52:29  Treatment Length - 00:01:00  Leave - 09:14:30  Priority - 945.66]
[Time:09:00:00]Arrive Events - [Patient:Arrive - 09:00:00  Treatment Length - 00:08:00  Leave - 09:08:39  Priority - 1058.40]
[Time:09:00:00]Treat Events  - [Patient:Arrive - 09:00:00  Treatment Length - 00:08:00  Leave - 09:08:39  Priority - 1058.40]
[Time:09:00:00]Summarize     - [Patient Queue:Waiting Number - 1  Treated Number - 3  Total Number - 6  Treatment Rate 50.00%]
				[Patient:Arrive - 08:55:30  Treatment Length - 00:01:00  Leave - 09:01:30  Priority - 954.56]
[Time:09:00:10]Leave Events  - [Patient:Arrive - 08:55:30  Treatment Length - 00:01:00  Leave - 09:01:30  Priority - 954.56]
[Time:09:03:39]Arrive Events - [Patient:Arrive - 09:03:39  Treatment Length - 00:09:00  Leave - 09:33:39  Priority - 1072.20]
[Time:09:06:00]Arrive Events - [Patient:Arrive - 09:06:00  Treatment Length - 00:11:00  Leave - 09:29:39  Priority - 1111.80]
[Time:09:08:10]Treat Events  - [Patient:Arrive - 09:06:00  Treatment Length - 00:11:00  Leave - 09:29:39  Priority - 1112.22]
[Time:09:08:10]Summarize     - [Patient Queue:Waiting Number - 1  Treated Number - 4  Total Number - 8  Treatment Rate 50.00%]
				[Patient:Arrive - 09:03:39  Treatment Length - 00:09:00  Leave - 09:33:39  Priority - 1073.22]
[Time:09:09:00]Arrive Events - [Patient:Arrive - 09:09:00  Treatment Length - 00:04:00  Leave - 09:16:39  Priority - 973.20]
[Time:09:12:39]Arrive Events - [Patient:Arrive - 09:12:39  Treatment Length - 00:01:00  Leave - 09:23:39  Priority - 910.60]
[Time:09:15:39]Arrive Events - [Patient:Arrive - 09:15:39  Treatment Length - 00:01:00  Leave - 09:18:39  Priority - 910.40]
[Time:09:16:10]Leave Events  - [Patient:Arrive - 09:09:00  Treatment Length - 00:04:00  Leave - 09:16:39  Priority - 974.60]
[Time:09:18:00]Leave Events  - [Patient:Arrive - 09:15:39  Treatment Length - 00:01:00  Leave - 09:18:39  Priority - 910.90]
[Time:09:18:00]Arrive Events - [Patient:Arrive - 09:18:00  Treatment Length - 00:06:00  Leave - 09:40:00  Priority - 1004.80]
[Time:09:19:20]Treat Events  - [Patient:Arrive - 09:03:39  Treatment Length - 00:09:00  Leave - 09:33:39  Priority - 1075.44]
[Time:09:19:20]Summarize     - [Patient Queue:Waiting Number - 2  Treated Number - 5  Total Number - 12  Treatment Rate 41.67%]
				[Patient:Arrive - 09:18:00  Treatment Length - 00:06:00  Leave - 09:40:00  Priority - 1005.04]
				[Patient:Arrive - 09:12:39  Treatment Length - 00:01:00  Leave - 09:23:39  Priority - 912.04]
[Time:09:21:00]Arrive Events - [Patient:Arrive - 09:21:00  Treatment Length - 00:01:00  Leave - 09:26:00  Priority - 906.40]
[Time:09:23:09]Leave Events  - [Patient:Arrive - 09:12:39  Treatment Length - 00:01:00  Leave - 09:23:39  Priority - 912.80]
[Time:09:24:39]Arrive Events - [Patient:Arrive - 09:24:39  Treatment Length - 00:04:00  Leave - 09:34:00  Priority - 963.60]
[Time:09:26:09]Leave Events  - [Patient:Arrive - 09:21:00  Treatment Length - 00:01:00  Leave - 09:26:00  Priority - 907.40]
[Time:09:27:00]Arrive Events - [Patient:Arrive - 09:27:00  Treatment Length - 00:09:00  Leave - 09:36:00  Priority - 1062.00]
[Time:09:28:29]Treat Events  - [Patient:Arrive - 09:27:00  Treatment Length - 00:09:00  Leave - 09:36:00  Priority - 1062.26]
[Time:09:28:29]Summarize     - [Patient Queue:Waiting Number - 2  Treated Number - 6  Total Number - 15  Treatment Rate 40.00%]
				[Patient:Arrive - 09:18:00  Treatment Length - 00:06:00  Leave - 09:40:00  Priority - 1006.86]
				[Patient:Arrive - 09:24:39  Treatment Length - 00:04:00  Leave - 09:34:00  Priority - 964.46]
[Time:09:30:00]Arrive Events - [Patient:Arrive - 09:30:00  Treatment Length - 00:06:00  Leave - 09:45:39  Priority - 999.00]
[Time:09:33:39]Arrive Events - [Patient:Arrive - 09:33:39  Treatment Length - 00:04:00  Leave - 09:54:39  Priority - 956.00]
[Time:09:34:09]Leave Events  - [Patient:Arrive - 09:24:39  Treatment Length - 00:04:00  Leave - 09:34:00  Priority - 965.60]
[Time:09:36:39]Arrive Events - [Patient:Arrive - 09:36:39  Treatment Length - 00:07:00  Leave - 09:44:39  Priority - 1016.80]
[Time:09:37:39]Treat Events  - [Patient:Arrive - 09:36:39  Treatment Length - 00:07:00  Leave - 09:44:39  Priority - 1017.08]
[Time:09:37:39]Summarize     - [Patient Queue:Waiting Number - 3  Treated Number - 7  Total Number - 18  Treatment Rate 38.89%]
				[Patient:Arrive - 09:18:00  Treatment Length - 00:06:00  Leave - 09:40:00  Priority - 1008.68]
				[Patient:Arrive - 09:30:00  Treatment Length - 00:06:00  Leave - 09:45:39  Priority - 1000.48]
				[Patient:Arrive - 09:33:39  Treatment Length - 00:04:00  Leave - 09:54:39  Priority - 956.88]
[Time:09:39:00]Arrive Events - [Patient:Arrive - 09:39:00  Treatment Length - 00:04:00  Leave - 09:48:00  Priority - 954.80]
[Time:09:40:10]Leave Events  - [Patient:Arrive - 09:18:00  Treatment Length - 00:06:00  Leave - 09:40:00  Priority - 1009.20]
[Time:09:42:00]Arrive Events - [Patient:Arrive - 09:42:00  Treatment Length - 00:05:00  Leave - 09:56:00  Priority - 972.00]
[Time:09:44:40]Treat Events  - [Patient:Arrive - 09:30:00  Treatment Length - 00:06:00  Leave - 09:45:39  Priority - 1001.88]
[Time:09:44:40]Summarize     - [Patient Queue:Waiting Number - 3  Treated Number - 8  Total Number - 20  Treatment Rate 40.00%]
				[Patient:Arrive - 09:42:00  Treatment Length - 00:05:00  Leave - 09:56:00  Priority - 972.48]
				[Patient:Arrive - 09:33:39  Treatment Length - 00:04:00  Leave - 09:54:39  Priority - 958.28]
				[Patient:Arrive - 09:39:00  Treatment Length - 00:04:00  Leave - 09:48:00  Priority - 955.88]
[Time:09:45:39]Arrive Events - [Patient:Arrive - 09:45:39  Treatment Length - 00:02:00  Leave - 09:48:39  Priority - 912.40]
[Time:09:48:39]Arrive Events - [Patient:Arrive - 09:48:39  Treatment Length - 00:12:00  Leave - 10:02:39  Priority - 1108.40]
[Time:09:48:09]Leave Events  - [Patient:Arrive - 09:39:00  Treatment Length - 00:04:00  Leave - 09:48:00  Priority - 956.60]
[Time:09:48:20]Leave Events  - [Patient:Arrive - 09:45:39  Treatment Length - 00:02:00  Leave - 09:48:39  Priority - 913.02]
[Time:09:50:50]Treat Events  - [Patient:Arrive - 09:48:39  Treatment Length - 00:12:00  Leave - 10:02:39  Priority - 1108.90]
[Time:09:50:50]Summarize     - [Patient Queue:Waiting Number - 2  Treated Number - 9  Total Number - 22  Treatment Rate 40.91%]
				[Patient:Arrive - 09:42:00  Treatment Length - 00:05:00  Leave - 09:56:00  Priority - 973.70]
				[Patient:Arrive - 09:33:39  Treatment Length - 00:04:00  Leave - 09:54:39  Priority - 959.50]
[Time:09:51:00]Arrive Events - [Patient:Arrive - 09:51:00  Treatment Length - 00:02:00  Leave - 09:59:00  Priority - 907.80]
[Time:09:54:39]Arrive Events - [Patient:Arrive - 09:54:39  Treatment Length - 00:03:00  Leave - 10:06:39  Priority - 925.20]
[Time:09:54:10]Leave Events  - [Patient:Arrive - 09:33:39  Treatment Length - 00:04:00  Leave - 09:54:39  Priority - 960.20]
[Time:09:56:09]Leave Events  - [Patient:Arrive - 09:42:00  Treatment Length - 00:05:00  Leave - 09:56:00  Priority - 974.80]
[Time:09:57:39]Arrive Events - [Patient:Arrive - 09:57:39  Treatment Length - 00:02:00  Leave - 10:19:00  Priority - 901.40]
[Time:09:59:09]Leave Events  - [Patient:Arrive - 09:51:00  Treatment Length - 00:02:00  Leave - 09:59:00  Priority - 909.40]
[Time:10:00:00]Leave Events  - [Patient:Arrive - 09:54:39  Treatment Length - 00:03:00  Leave - 10:06:39  Priority - 926.30]
[Time:10:00:00]Arrive Events - [Patient:Arrive - 10:00:00  Treatment Length - 00:04:00  Leave - 10:21:00  Priority - 915.80]
[Time:10:00:00]Treat Events  - [Patient:Arrive - 10:00:00  Treatment Length - 00:04:00  Leave - 10:21:00  Priority - 915.80]
[Time:10:00:00]Summarize     - [Patient Queue:Waiting Number - 1  Treated Number - 10  Total Number - 26  Treatment Rate 38.46%]
				[Patient:Arrive - 09:57:39  Treatment Length - 00:02:00  Leave - 10:19:00  Priority - 910.00]
[Time:10:00:10]Leave Events  - [Patient:Arrive - 09:57:39  Treatment Length - 00:02:00  Leave - 10:19:00  Priority - 910.00]
[Time:10:03:39]Arrive Events - [Patient:Arrive - 10:03:39  Treatment Length - 00:05:00  Leave - 10:07:39  Priority - 937.40]
[Time:10:04:10]Treat Events  - [Patient:Arrive - 10:03:39  Treatment Length - 00:05:00  Leave - 10:07:39  Priority - 937.62]
[Time:10:04:10]Summarize     - [Patient Queue:Waiting Number - 0  Treated Number - 11  Total Number - 27  Treatment Rate 40.74%]
[Time:10:06:00]Arrive Events - [Patient:Arrive - 10:06:00  Treatment Length - 00:11:00  Leave - 10:08:00  Priority - 1056.00]
[Time:10:08:10]Leave Events  - [Patient:Arrive - 10:06:00  Treatment Length - 00:11:00  Leave - 10:08:00  Priority - 1056.40]
[Time:10:09:00]Arrive Events - [Patient:Arrive - 10:09:00  Treatment Length - 00:04:00  Leave - 10:35:00  Priority - 909.40]
[Time:10:09:20]Treat Events  - [Patient:Arrive - 10:09:00  Treatment Length - 00:04:00  Leave - 10:35:00  Priority - 909.44]
[Time:10:09:20]Summarize     - [Patient Queue:Waiting Number - 0  Treated Number - 12  Total Number - 29  Treatment Rate 41.38%]
[Time:10:12:39]Arrive Events - [Patient:Arrive - 10:12:39  Treatment Length - 00:01:00  Leave - 10:21:00  Priority - 851.00]
[Time:10:13:30]Treat Events  - [Patient:Arrive - 10:12:39  Treatment Length - 00:01:00  Leave - 10:21:00  Priority - 851.26]
[Time:10:13:30]Summarize     - [Patient Queue:Waiting Number - 0  Treated Number - 13  Total Number - 30  Treatment Rate 43.33%]
[Time:10:15:39]Arrive Events - [Patient:Arrive - 10:15:39  Treatment Length - 00:01:00  Leave - 10:25:00  Priority - 849.00]
[Time:10:15:39]Treat Events  - [Patient:Arrive - 10:15:39  Treatment Length - 00:01:00  Leave - 10:25:00  Priority - 849.00]
[Time:10:15:39]Summarize     - [Patient Queue:Waiting Number - 0  Treated Number - 14  Total Number - 31  Treatment Rate 45.16%]
[Time:10:18:00]Arrive Events - [Patient:Arrive - 10:18:00  Treatment Length - 00:04:00  Leave - 10:46:00  Priority - 903.60]
[Time:10:18:00]Treat Events  - [Patient:Arrive - 10:18:00  Treatment Length - 00:04:00  Leave - 10:46:00  Priority - 903.60]
[Time:10:18:00]Summarize     - [Patient Queue:Waiting Number - 0  Treated Number - 15  Total Number - 32  Treatment Rate 46.88%]
[Time:10:21:00]Arrive Events - [Patient:Arrive - 10:21:00  Treatment Length - 00:01:00  Leave - 10:43:00  Priority - 843.00]
[Time:10:22:09]Treat Events  - [Patient:Arrive - 10:21:00  Treatment Length - 00:01:00  Leave - 10:43:00  Priority - 843.22]
[Time:10:22:09]Summarize     - [Patient Queue:Waiting Number - 0  Treated Number - 16  Total Number - 33  Treatment Rate 48.48%]
[Time:10:24:39]Arrive Events - [Patient:Arrive - 10:24:39  Treatment Length - 00:08:00  Leave - 10:53:39  Priority - 979.80]
[Time:10:24:39]Treat Events  - [Patient:Arrive - 10:24:39  Treatment Length - 00:08:00  Leave - 10:53:39  Priority - 979.80]
[Time:10:24:39]Summarize     - [Patient Queue:Waiting Number - 0  Treated Number - 17  Total Number - 34  Treatment Rate 50.00%]
[Time:10:27:00]Arrive Events - [Patient:Arrive - 10:27:00  Treatment Length - 00:01:00  Leave - 10:47:00  Priority - 839.80]
[Time:10:30:00]Arrive Events - [Patient:Arrive - 10:30:00  Treatment Length - 00:10:00  Leave - 10:52:00  Priority - 1017.60]
[Time:10:32:10]Treat Events  - [Patient:Arrive - 10:30:00  Treatment Length - 00:10:00  Leave - 10:52:00  Priority - 1018.02]
[Time:10:32:10]Summarize     - [Patient Queue:Waiting Number - 1  Treated Number - 18  Total Number - 36  Treatment Rate 50.00%]
				[Patient:Arrive - 10:27:00  Treatment Length - 00:01:00  Leave - 10:47:00  Priority - 840.82]
[Time:10:33:39]Arrive Events - [Patient:Arrive - 10:33:39  Treatment Length - 00:01:00  Leave - 11:01:39  Priority - 834.60]
[Time:10:36:39]Arrive Events - [Patient:Arrive - 10:36:39  Treatment Length - 00:07:00  Leave - 10:52:39  Priority - 955.20]
[Time:10:39:00]Arrive Events - [Patient:Arrive - 10:39:00  Treatment Length - 00:08:00  Leave - 10:54:39  Priority - 973.60]
[Time:10:42:00]Arrive Events - [Patient:Arrive - 10:42:00  Treatment Length - 00:03:00  Leave - 10:52:00  Priority - 872.80]
[Time:10:42:19]Treat Events  - [Patient:Arrive - 10:39:00  Treatment Length - 00:08:00  Leave - 10:54:39  Priority - 974.24]
[Time:10:42:19]Summarize     - [Patient Queue:Waiting Number - 4  Treated Number - 19  Total Number - 40  Treatment Rate 47.50%]
				[Patient:Arrive - 10:36:39  Treatment Length - 00:07:00  Leave - 10:52:39  Priority - 956.44]
				[Patient:Arrive - 10:42:00  Treatment Length - 00:03:00  Leave - 10:52:00  Priority - 872.84]
				[Patient:Arrive - 10:27:00  Treatment Length - 00:01:00  Leave - 10:47:00  Priority - 842.84]
				[Patient:Arrive - 10:33:39  Treatment Length - 00:01:00  Leave - 11:01:39  Priority - 836.44]
[Time:10:45:39]Arrive Events - [Patient:Arrive - 10:45:39  Treatment Length - 00:04:00  Leave - 10:50:00  Priority - 892.00]
[Time:10:47:09]Leave Events  - [Patient:Arrive - 10:27:00  Treatment Length - 00:01:00  Leave - 10:47:00  Priority - 843.80]
[Time:10:48:39]Arrive Events - [Patient:Arrive - 10:48:39  Treatment Length - 00:10:00  Leave - 10:49:39  Priority - 1011.00]
[Time:10:49:10]Leave Events  - [Patient:Arrive - 10:48:39  Treatment Length - 00:10:00  Leave - 10:49:39  Priority - 1011.20]
[Time:10:50:10]Leave Events  - [Patient:Arrive - 10:45:39  Treatment Length - 00:04:00  Leave - 10:50:00  Priority - 893.00]
[Time:10:50:30]Treat Events  - [Patient:Arrive - 10:36:39  Treatment Length - 00:07:00  Leave - 10:52:39  Priority - 958.06]
[Time:10:50:30]Summarize     - [Patient Queue:Waiting Number - 2  Treated Number - 20  Total Number - 42  Treatment Rate 47.62%]
				[Patient:Arrive - 10:42:00  Treatment Length - 00:03:00  Leave - 10:52:00  Priority - 874.46]
				[Patient:Arrive - 10:33:39  Treatment Length - 00:01:00  Leave - 11:01:39  Priority - 838.06]
[Time:10:51:00]Arrive Events - [Patient:Arrive - 10:51:00  Treatment Length - 00:07:00  Leave - 10:54:39  Priority - 948.80]
[Time:10:52:09]Leave Events  - [Patient:Arrive - 10:42:00  Treatment Length - 00:03:00  Leave - 10:52:00  Priority - 874.80]
[Time:10:54:39]Arrive Events - [Patient:Arrive - 10:54:39  Treatment Length - 00:01:00  Leave - 11:14:39  Priority - 823.60]
[Time:10:54:10]Leave Events  - [Patient:Arrive - 10:51:00  Treatment Length - 00:07:00  Leave - 10:54:39  Priority - 949.40]
[Time:10:57:39]Arrive Events - [Patient:Arrive - 10:57:39  Treatment Length - 00:05:00  Leave - 11:09:39  Priority - 903.40]
[Time:10:57:40]Treat Events  - [Patient:Arrive - 10:57:39  Treatment Length - 00:05:00  Leave - 11:09:39  Priority - 903.48]
[Time:10:57:40]Summarize     - [Patient Queue:Waiting Number - 2  Treated Number - 21  Total Number - 45  Treatment Rate 46.67%]
				[Patient:Arrive - 10:33:39  Treatment Length - 00:01:00  Leave - 11:01:39  Priority - 839.48]
				[Patient:Arrive - 10:54:39  Treatment Length - 00:01:00  Leave - 11:14:39  Priority - 824.28]
[Time:11:00:00]Leave Events  - [Patient:Arrive - 10:33:39  Treatment Length - 00:01:00  Leave - 11:01:39  Priority - 839.90]
[Time:11:00:00]Arrive Events - [Patient:Arrive - 11:00:00  Treatment Length - 00:05:00  Leave - 11:16:39  Priority - 876.80]
[Time:11:00:00]Treat Events  - [Patient:Arrive - 11:00:00  Treatment Length - 00:05:00  Leave - 11:16:39  Priority - 876.80]
[Time:11:00:00]Summarize     - [Patient Queue:Waiting Number - 1  Treated Number - 22  Total Number - 46  Treatment Rate 47.83%]
				[Patient:Arrive - 10:54:39  Treatment Length - 00:01:00  Leave - 11:14:39  Priority - 832.80]
[Time:11:00:10]Leave Events  - [Patient:Arrive - 10:54:39  Treatment Length - 00:01:00  Leave - 11:14:39  Priority - 832.80]
[Time:11:03:39]Arrive Events - [Patient:Arrive - 11:03:39  Treatment Length - 00:05:00  Leave - 11:26:39  Priority - 873.60]
[Time:11:05:09]Treat Events  - [Patient:Arrive - 11:03:39  Treatment Length - 00:05:00  Leave - 11:26:39  Priority - 874.02]
[Time:11:05:09]Summarize     - [Patient Queue:Waiting Number - 0  Treated Number - 23  Total Number - 47  Treatment Rate 48.94%]
[Time:11:06:00]Arrive Events - [Patient:Arrive - 11:06:00  Treatment Length - 00:01:00  Leave - 11:14:00  Priority - 794.80]
[Time:11:09:00]Arrive Events - [Patient:Arrive - 11:09:00  Treatment Length - 00:08:00  Leave - 11:19:00  Priority - 932.60]
[Time:11:10:20]Treat Events  - [Patient:Arrive - 11:09:00  Treatment Length - 00:08:00  Leave - 11:19:00  Priority - 932.84]
[Time:11:10:20]Summarize     - [Patient Queue:Waiting Number - 1  Treated Number - 24  Total Number - 49  Treatment Rate 48.98%]
				[Patient:Arrive - 11:06:00  Treatment Length - 00:01:00  Leave - 11:14:00  Priority - 795.64]
[Time:11:12:39]Arrive Events - [Patient:Arrive - 11:12:39  Treatment Length - 00:03:00  Leave - 11:32:39  Priority - 828.80]
[Time:11:14:09]Leave Events  - [Patient:Arrive - 11:06:00  Treatment Length - 00:01:00  Leave - 11:14:00  Priority - 796.40]
[Time:11:15:39]Arrive Events - [Patient:Arrive - 11:15:39  Treatment Length - 00:09:00  Leave - 11:19:39  Priority - 950.20]
[Time:11:18:00]Arrive Events - [Patient:Arrive - 11:18:00  Treatment Length - 00:11:00  Leave - 11:29:39  Priority - 987.00]
[Time:11:18:29]Treat Events  - [Patient:Arrive - 11:18:00  Treatment Length - 00:11:00  Leave - 11:29:39  Priority - 987.06]
[Time:11:18:29]Summarize     - [Patient Queue:Waiting Number - 2  Treated Number - 25  Total Number - 52  Treatment Rate 48.08%]
				[Patient:Arrive - 11:15:39  Treatment Length - 00:09:00  Leave - 11:19:39  Priority - 950.86]
				[Patient:Arrive - 11:12:39  Treatment Length - 00:03:00  Leave - 11:32:39  Priority - 830.06]
[Time:11:19:09]Leave Events  - [Patient:Arrive - 11:15:39  Treatment Length - 00:09:00  Leave - 11:19:39  Priority - 951.00]
[Time:11:21:00]Arrive Events - [Patient:Arrive - 11:21:00  Treatment Length - 00:06:00  Leave - 11:32:39  Priority - 885.20]
[Time:11:24:39]Arrive Events - [Patient:Arrive - 11:24:39  Treatment Length - 00:04:00  Leave - 11:37:39  Priority - 843.00]
[Time:11:27:00]Arrive Events - [Patient:Arrive - 11:27:00  Treatment Length - 00:07:00  Leave - 11:57:00  Priority - 897.80]
[Time:11:29:30]Treat Events  - [Patient:Arrive - 11:27:00  Treatment Length - 00:07:00  Leave - 11:57:00  Priority - 898.26]
[Time:11:29:30]Summarize     - [Patient Queue:Waiting Number - 3  Treated Number - 26  Total Number - 55  Treatment Rate 47.27%]
				[Patient:Arrive - 11:21:00  Treatment Length - 00:06:00  Leave - 11:32:39  Priority - 886.86]
				[Patient:Arrive - 11:24:39  Treatment Length - 00:04:00  Leave - 11:37:39  Priority - 844.06]
				[Patient:Arrive - 11:12:39  Treatment Length - 00:03:00  Leave - 11:32:39  Priority - 832.26]
[Time:11:30:00]Arrive Events - [Patient:Arrive - 11:30:00  Treatment Length - 00:06:00  Leave - 11:56:00  Priority - 876.80]
[Time:11:32:10]Leave Events  - [Patient:Arrive - 11:21:00  Treatment Length - 00:06:00  Leave - 11:32:39  Priority - 887.40]
[Time:11:32:10]Leave Events  - [Patient:Arrive - 11:12:39  Treatment Length - 00:03:00  Leave - 11:32:39  Priority - 832.80]
[Time:11:33:39]Arrive Events - [Patient:Arrive - 11:33:39  Treatment Length - 00:01:00  Leave - 11:33:39  Priority - 780.20]
[Time:11:33:10]Leave Events  - [Patient:Arrive - 11:33:39  Treatment Length - 00:01:00  Leave - 11:33:39  Priority - 780.20]
[Time:11:36:39]Arrive Events - [Patient:Arrive - 11:36:39  Treatment Length - 00:01:00  Leave - 11:58:39  Priority - 774.00]
[Time:11:36:40]Treat Events  - [Patient:Arrive - 11:30:00  Treatment Length - 00:06:00  Leave - 11:56:00  Priority - 878.08]
[Time:11:36:40]Summarize     - [Patient Queue:Waiting Number - 2  Treated Number - 27  Total Number - 58  Treatment Rate 46.55%]
				[Patient:Arrive - 11:24:39  Treatment Length - 00:04:00  Leave - 11:37:39  Priority - 845.48]
				[Patient:Arrive - 11:36:39  Treatment Length - 00:01:00  Leave - 11:58:39  Priority - 774.08]
[Time:11:37:10]Leave Events  - [Patient:Arrive - 11:24:39  Treatment Length - 00:04:00  Leave - 11:37:39  Priority - 845.60]
[Time:11:39:00]Arrive Events - [Patient:Arrive - 11:39:00  Treatment Length - 00:03:00  Leave - 11:41:00  Priority - 816.20]
[Time:11:41:10]Leave Events  - [Patient:Arrive - 11:39:00  Treatment Length - 00:03:00  Leave - 11:41:00  Priority - 816.60]
[Time:11:42:00]Arrive Events - [Patient:Arrive - 11:42:00  Treatment Length - 00:12:00  Leave - 11:53:39  Priority - 992.60]
[Time:11:42:50]Treat Events  - [Patient:Arrive - 11:42:00  Treatment Length - 00:12:00  Leave - 11:53:39  Priority - 992.70]
[Time:11:42:50]Summarize     - [Patient Queue:Waiting Number - 1  Treated Number - 28  Total Number - 60  Treatment Rate 46.67%]
				[Patient:Arrive - 11:36:39  Treatment Length - 00:01:00  Leave - 11:58:39  Priority - 775.30]
[Time:11:45:39]Arrive Events - [Patient:Arrive - 11:45:39  Treatment Length - 00:05:00  Leave - 11:48:39  Priority - 852.40]
[Time:11:48:39]Arrive Events - [Patient:Arrive - 11:48:39  Treatment Length - 00:07:00  Leave - 12:14:39  Priority - 886.00]
[Time:11:48:09]Leave Events  - [Patient:Arrive - 11:45:39  Treatment Length - 00:05:00  Leave - 11:48:39  Priority - 853.00]
[Time:11:51:00]Arrive Events - [Patient:Arrive - 11:51:00  Treatment Length - 00:08:00  Leave - 12:13:00  Priority - 905.00]
[Time:11:54:39]Arrive Events - [Patient:Arrive - 11:54:39  Treatment Length - 00:02:00  Leave - 12:03:00  Priority - 785.80]
[Time:11:55:00]Treat Events  - [Patient:Arrive - 11:51:00  Treatment Length - 00:08:00  Leave - 12:13:00  Priority - 905.80]
[Time:11:55:00]Summarize     - [Patient Queue:Waiting Number - 3  Treated Number - 29  Total Number - 64  Treatment Rate 45.31%]
				[Patient:Arrive - 11:48:39  Treatment Length - 00:07:00  Leave - 12:14:39  Priority - 887.40]
				[Patient:Arrive - 11:54:39  Treatment Length - 00:02:00  Leave - 12:03:00  Priority - 786.00]
				[Patient:Arrive - 11:36:39  Treatment Length - 00:01:00  Leave - 11:58:39  Priority - 777.80]
[Time:11:57:39]Arrive Events - [Patient:Arrive - 11:57:39  Treatment Length - 00:04:00  Leave - 12:01:39  Priority - 825.00]
[Time:11:58:10]Leave Events  - [Patient:Arrive - 11:36:39  Treatment Length - 00:01:00  Leave - 11:58:39  Priority - 778.40]
[Time:12:00:00]Leave Events  - [Patient:Arrive - 11:48:39  Treatment Length - 00:07:00  Leave - 12:14:39  Priority - 888.30]
[Time:12:00:00]Leave Events  - [Patient:Arrive - 11:54:39  Treatment Length - 00:02:00  Leave - 12:03:00  Priority - 786.90]
[Time:12:00:00]Arrive Events - [Patient:Arrive - 12:00:00  Treatment Length - 00:05:00  Leave - 12:05:00  Priority - 819.00]
[Time:12:00:00]Treat Events  - [Patient:Arrive - 11:57:39  Treatment Length - 00:04:00  Leave - 12:01:39  Priority - 833.60]
[Time:12:00:00]Summarize     - [Patient Queue:Waiting Number - 1  Treated Number - 30  Total Number - 66  Treatment Rate 45.45%]
				[Patient:Arrive - 12:00:00  Treatment Length - 00:05:00  Leave - 12:05:00  Priority - 819.00]
[Time:12:03:39]Arrive Events - [Patient:Arrive - 12:03:39  Treatment Length - 00:04:00  Leave - 12:13:00  Priority - 796.20]
[Time:12:04:10]Treat Events  - [Patient:Arrive - 12:00:00  Treatment Length - 00:05:00  Leave - 12:05:00  Priority - 819.82]
[Time:12:04:10]Summarize     - [Patient Queue:Waiting Number - 1  Treated Number - 31  Total Number - 67  Treatment Rate 46.27%]
				[Patient:Arrive - 12:03:39  Treatment Length - 00:04:00  Leave - 12:13:00  Priority - 796.42]
[Time:12:06:00]Arrive Events - [Patient:Arrive - 12:06:00  Treatment Length - 00:03:00  Leave - 12:20:00  Priority - 773.60]
[Time:12:09:00]Arrive Events - [Patient:Arrive - 12:09:00  Treatment Length - 00:06:00  Leave - 12:19:00  Priority - 832.60]
[Time:12:09:20]Treat Events  - [Patient:Arrive - 12:09:00  Treatment Length - 00:06:00  Leave - 12:19:00  Priority - 832.64]
[Time:12:09:20]Summarize     - [Patient Queue:Waiting Number - 2  Treated Number - 32  Total Number - 69  Treatment Rate 46.38%]
				[Patient:Arrive - 12:03:39  Treatment Length - 00:04:00  Leave - 12:13:00  Priority - 797.44]
				[Patient:Arrive - 12:06:00  Treatment Length - 00:03:00  Leave - 12:20:00  Priority - 774.24]
[Time:12:12:39]Arrive Events - [Patient:Arrive - 12:12:39  Treatment Length - 00:09:00  Leave - 12:30:00  Priority - 889.20]
[Time:12:13:09]Leave Events  - [Patient:Arrive - 12:03:39  Treatment Length - 00:04:00  Leave - 12:13:00  Priority - 798.20]
[Time:12:15:39]Arrive Events - [Patient:Arrive - 12:15:39  Treatment Length - 00:06:00  Leave - 12:20:39  Priority - 830.00]
[Time:12:15:29]Treat Events  - [Patient:Arrive - 12:12:39  Treatment Length - 00:09:00  Leave - 12:30:00  Priority - 889.86]
[Time:12:15:29]Summarize     - [Patient Queue:Waiting Number - 2  Treated Number - 33  Total Number - 71  Treatment Rate 46.48%]
				[Patient:Arrive - 12:15:39  Treatment Length - 00:06:00  Leave - 12:20:39  Priority - 830.06]
				[Patient:Arrive - 12:06:00  Treatment Length - 00:03:00  Leave - 12:20:00  Priority - 775.46]
[Time:12:18:00]Arrive Events - [Patient:Arrive - 12:18:00  Treatment Length - 00:08:00  Leave - 12:26:00  Priority - 867.60]
[Time:12:20:10]Leave Events  - [Patient:Arrive - 12:15:39  Treatment Length - 00:06:00  Leave - 12:20:39  Priority - 831.00]
[Time:12:20:19]Leave Events  - [Patient:Arrive - 12:06:00  Treatment Length - 00:03:00  Leave - 12:20:00  Priority - 776.42]
[Time:12:21:00]Arrive Events - [Patient:Arrive - 12:21:00  Treatment Length - 00:01:00  Leave - 12:27:00  Priority - 726.20]
[Time:12:24:39]Arrive Events - [Patient:Arrive - 12:24:39  Treatment Length - 00:04:00  Leave - 12:44:39  Priority - 781.60]
[Time:12:24:40]Treat Events  - [Patient:Arrive - 12:18:00  Treatment Length - 00:08:00  Leave - 12:26:00  Priority - 868.88]
[Time:12:24:40]Summarize     - [Patient Queue:Waiting Number - 2  Treated Number - 34  Total Number - 74  Treatment Rate 45.95%]
				[Patient:Arrive - 12:24:39  Treatment Length - 00:04:00  Leave - 12:44:39  Priority - 781.68]
				[Patient:Arrive - 12:21:00  Treatment Length - 00:01:00  Leave - 12:27:00  Priority - 726.88]
[Time:12:27:00]Arrive Events - [Patient:Arrive - 12:27:00  Treatment Length - 00:06:00  Leave - 12:33:00  Priority - 822.60]
[Time:12:27:09]Leave Events  - [Patient:Arrive - 12:21:00  Treatment Length - 00:01:00  Leave - 12:27:00  Priority - 727.40]
[Time:12:30:00]Arrive Events - [Patient:Arrive - 12:30:00  Treatment Length - 00:01:00  Leave - 12:55:00  Priority - 717.00]
[Time:12:32:49]Treat Events  - [Patient:Arrive - 12:27:00  Treatment Length - 00:06:00  Leave - 12:33:00  Priority - 823.70]
[Time:12:32:49]Summarize     - [Patient Queue:Waiting Number - 2  Treated Number - 35  Total Number - 76  Treatment Rate 46.05%]
				[Patient:Arrive - 12:24:39  Treatment Length - 00:04:00  Leave - 12:44:39  Priority - 783.30]
				[Patient:Arrive - 12:30:00  Treatment Length - 00:01:00  Leave - 12:55:00  Priority - 717.50]
[Time:12:33:39]Arrive Events - [Patient:Arrive - 12:33:39  Treatment Length - 00:06:00  Leave - 12:52:39  Priority - 816.40]
[Time:12:36:39]Arrive Events - [Patient:Arrive - 12:36:39  Treatment Length - 00:03:00  Leave - 12:45:39  Priority - 756.60]
[Time:12:39:00]Arrive Events - [Patient:Arrive - 12:39:00  Treatment Length - 00:04:00  Leave - 12:59:00  Priority - 772.60]
[Time:12:39:00]Treat Events  - [Patient:Arrive - 12:33:39  Treatment Length - 00:06:00  Leave - 12:52:39  Priority - 817.60]
[Time:12:39:00]Summarize     - [Patient Queue:Waiting Number - 4  Treated Number - 36  Total Number - 79  Treatment Rate 45.57%]
				[Patient:Arrive - 12:24:39  Treatment Length - 00:04:00  Leave - 12:44:39  Priority - 784.60]
				[Patient:Arrive - 12:39:00  Treatment Length - 00:04:00  Leave - 12:59:00  Priority - 772.60]
				[Patient:Arrive - 12:36:39  Treatment Length - 00:03:00  Leave - 12:45:39  Priority - 757.20]
				[Patient:Arrive - 12:30:00  Treatment Length - 00:01:00  Leave - 12:55:00  Priority - 718.80]
[Time:12:42:00]Arrive Events - [Patient:Arrive - 12:42:00  Treatment Length - 00:08:00  Leave - 13:10:39  Priority - 849.20]
[Time:12:44:09]Leave Events  - [Patient:Arrive - 12:24:39  Treatment Length - 00:04:00  Leave - 12:44:39  Priority - 785.60]
[Time:12:45:39]Arrive Events - [Patient:Arrive - 12:45:39  Treatment Length - 00:01:00  Leave - 13:15:00  Priority - 707.00]
[Time:12:45:10]Leave Events  - [Patient:Arrive - 12:36:39  Treatment Length - 00:03:00  Leave - 12:45:39  Priority - 758.40]
[Time:12:45:10]Treat Events  - [Patient:Arrive - 12:42:00  Treatment Length - 00:08:00  Leave - 13:10:39  Priority - 849.82]
[Time:12:45:10]Summarize     - [Patient Queue:Waiting Number - 3  Treated Number - 37  Total Number - 81  Treatment Rate 45.68%]
				[Patient:Arrive - 12:39:00  Treatment Length - 00:04:00  Leave - 12:59:00  Priority - 773.82]
				[Patient:Arrive - 12:30:00  Treatment Length - 00:01:00  Leave - 12:55:00  Priority - 720.02]
				[Patient:Arrive - 12:45:39  Treatment Length - 00:01:00  Leave - 13:15:00  Priority - 707.02]
[Time:12:48:39]Arrive Events - [Patient:Arrive - 12:48:39  Treatment Length - 00:08:00  Leave - 13:02:39  Priority - 848.40]
[Time:12:51:00]Arrive Events - [Patient:Arrive - 12:51:00  Treatment Length - 00:07:00  Leave - 13:16:00  Priority - 824.40]
[Time:12:53:19]Treat Events  - [Patient:Arrive - 12:48:39  Treatment Length - 00:08:00  Leave - 13:02:39  Priority - 849.44]
[Time:12:53:19]Summarize     - [Patient Queue:Waiting Number - 4  Treated Number - 38  Total Number - 83  Treatment Rate 45.78%]
				[Patient:Arrive - 12:51:00  Treatment Length - 00:07:00  Leave - 13:16:00  Priority - 824.84]
				[Patient:Arrive - 12:39:00  Treatment Length - 00:04:00  Leave - 12:59:00  Priority - 775.44]
				[Patient:Arrive - 12:30:00  Treatment Length - 00:01:00  Leave - 12:55:00  Priority - 721.64]
				[Patient:Arrive - 12:45:39  Treatment Length - 00:01:00  Leave - 13:15:00  Priority - 708.64]
[Time:12:54:39]Arrive Events - [Patient:Arrive - 12:54:39  Treatment Length - 00:04:00  Leave - 13:06:39  Priority - 765.20]
[Time:12:55:09]Leave Events  - [Patient:Arrive - 12:30:00  Treatment Length - 00:01:00  Leave - 12:55:00  Priority - 722.00]
[Time:12:57:39]Arrive Events - [Patient:Arrive - 12:57:39  Treatment Length - 00:08:00  Leave - 13:22:39  Priority - 840.80]
[Time:12:59:09]Leave Events  - [Patient:Arrive - 12:39:00  Treatment Length - 00:04:00  Leave - 12:59:00  Priority - 776.60]
[Time:13:00:00]Leave Events  - [Patient:Arrive - 12:57:39  Treatment Length - 00:08:00  Leave - 13:22:39  Priority - 841.30]
[Time:13:00:00]Leave Events  - [Patient:Arrive - 12:54:39  Treatment Length - 00:04:00  Leave - 13:06:39  Priority - 766.30]
[Time:13:00:00]Arrive Events - [Patient:Arrive - 13:00:00  Treatment Length - 00:05:00  Leave - 13:01:00  Priority - 759.80]
[Time:13:00:00]Treat Events  - [Patient:Arrive - 12:51:00  Treatment Length - 00:07:00  Leave - 13:16:00  Priority - 834.20]
[Time:13:00:00]Summarize     - [Patient Queue:Waiting Number - 2  Treated Number - 39  Total Number - 86  Treatment Rate 45.35%]
				[Patient:Arrive - 13:00:00  Treatment Length - 00:05:00  Leave - 13:01:00  Priority - 759.80]
				[Patient:Arrive - 12:45:39  Treatment Length - 00:01:00  Leave - 13:15:00  Priority - 718.00]
[Time:13:00:10]Leave Events  - [Patient:Arrive - 12:45:39  Treatment Length - 00:01:00  Leave - 13:15:00  Priority - 718.00]
[Time:13:01:09]Leave Events  - [Patient:Arrive - 13:00:00  Treatment Length - 00:05:00  Leave - 13:01:00  Priority - 760.00]
[Time:13:03:39]Arrive Events - [Patient:Arrive - 13:03:39  Treatment Length - 00:05:00  Leave - 13:27:39  Priority - 753.40]
[Time:13:06:00]Arrive Events - [Patient:Arrive - 13:06:00  Treatment Length - 00:08:00  Leave - 13:06:00  Priority - 816.40]
[Time:13:06:09]Leave Events  - [Patient:Arrive - 13:06:00  Treatment Length - 00:08:00  Leave - 13:06:00  Priority - 816.40]
[Time:13:07:10]Treat Events  - [Patient:Arrive - 13:03:39  Treatment Length - 00:05:00  Leave - 13:27:39  Priority - 754.22]
[Time:13:07:10]Summarize     - [Patient Queue:Waiting Number - 0  Treated Number - 40  Total Number - 88  Treatment Rate 45.45%]
[Time:13:09:00]Arrive Events - [Patient:Arrive - 13:09:00  Treatment Length - 00:02:00  Leave - 13:38:00  Priority - 688.80]
[Time:13:12:39]Arrive Events - [Patient:Arrive - 13:12:39  Treatment Length - 00:06:00  Leave - 13:23:39  Priority - 770.60]
[Time:13:12:19]Treat Events  - [Patient:Arrive - 13:12:39  Treatment Length - 00:06:00  Leave - 13:23:39  Priority - 770.64]
[Time:13:12:19]Summarize     - [Patient Queue:Waiting Number - 1  Treated Number - 41  Total Number - 90  Treatment Rate 45.56%]
				[Patient:Arrive - 13:09:00  Treatment Length - 00:02:00  Leave - 13:38:00  Priority - 689.44]
[Time:13:15:39]Arrive Events - [Patient:Arrive - 13:15:39  Treatment Length - 00:11:00  Leave - 13:38:39  Priority - 866.40]
[Time:13:18:00]Arrive Events - [Patient:Arrive - 13:18:00  Treatment Length - 00:05:00  Leave - 13:33:39  Priority - 746.20]
[Time:13:18:29]Treat Events  - [Patient:Arrive - 13:15:39  Treatment Length - 00:11:00  Leave - 13:38:39  Priority - 867.06]
[Time:13:18:29]Summarize     - [Patient Queue:Waiting Number - 2  Treated Number - 42  Total Number - 92  Treatment Rate 45.65%]
				[Patient:Arrive - 13:18:00  Treatment Length - 00:05:00  Leave - 13:33:39  Priority - 746.26]
				[Patient:Arrive - 13:09:00  Treatment Length - 00:02:00  Leave - 13:38:00  Priority - 690.66]
[Time:13:21:00]Arrive Events - [Patient:Arrive - 13:21:00  Treatment Length - 00:06:00  Leave - 13:32:39  Priority - 765.20]
[Time:13:24:39]Arrive Events - [Patient:Arrive - 13:24:39  Treatment Length - 00:10:00  Leave - 13:25:00  Priority - 845.40]
[Time:13:25:10]Leave Events  - [Patient:Arrive - 13:24:39  Treatment Length - 00:10:00  Leave - 13:25:00  Priority - 845.60]
[Time:13:27:00]Arrive Events - [Patient:Arrive - 13:27:00  Treatment Length - 00:02:00  Leave - 13:46:00  Priority - 680.00]
[Time:13:29:30]Treat Events  - [Patient:Arrive - 13:21:00  Treatment Length - 00:06:00  Leave - 13:32:39  Priority - 766.86]
[Time:13:29:30]Summarize     - [Patient Queue:Waiting Number - 3  Treated Number - 43  Total Number - 95  Treatment Rate 45.26%]
				[Patient:Arrive - 13:18:00  Treatment Length - 00:05:00  Leave - 13:33:39  Priority - 748.46]
				[Patient:Arrive - 13:09:00  Treatment Length - 00:02:00  Leave - 13:38:00  Priority - 692.86]
				[Patient:Arrive - 13:27:00  Treatment Length - 00:02:00  Leave - 13:46:00  Priority - 680.46]
[Time:13:30:00]Arrive Events - [Patient:Arrive - 13:30:00  Treatment Length - 00:05:00  Leave - 13:30:00  Priority - 742.00]
[Time:13:30:09]Leave Events  - [Patient:Arrive - 13:30:00  Treatment Length - 00:05:00  Leave - 13:30:00  Priority - 742.00]
[Time:13:33:39]Arrive Events - [Patient:Arrive - 13:33:39  Treatment Length - 00:11:00  Leave - 13:37:39  Priority - 859.40]
[Time:13:33:10]Leave Events  - [Patient:Arrive - 13:18:00  Treatment Length - 00:05:00  Leave - 13:33:39  Priority - 749.20]
[Time:13:35:40]Treat Events  - [Patient:Arrive - 13:33:39  Treatment Length - 00:11:00  Leave - 13:37:39  Priority - 859.88]
[Time:13:35:40]Summarize     - [Patient Queue:Waiting Number - 2  Treated Number - 44  Total Number - 97  Treatment Rate 45.36%]
				[Patient:Arrive - 13:09:00  Treatment Length - 00:02:00  Leave - 13:38:00  Priority - 694.08]
				[Patient:Arrive - 13:27:00  Treatment Length - 00:02:00  Leave - 13:46:00  Priority - 681.68]
[Time:13:36:39]Arrive Events - [Patient:Arrive - 13:36:39  Treatment Length - 00:02:00  Leave - 13:45:39  Priority - 676.60]
[Time:13:38:09]Leave Events  - [Patient:Arrive - 13:09:00  Treatment Length - 00:02:00  Leave - 13:38:00  Priority - 694.60]
[Time:13:39:00]Arrive Events - [Patient:Arrive - 13:39:00  Treatment Length - 00:06:00  Leave - 13:40:00  Priority - 756.40]
[Time:13:40:10]Leave Events  - [Patient:Arrive - 13:39:00  Treatment Length - 00:06:00  Leave - 13:40:00  Priority - 756.60]
[Time:13:42:00]Arrive Events - [Patient:Arrive - 13:42:00  Treatment Length - 00:02:00  Leave - 14:03:00  Priority - 670.60]
[Time:13:45:39]Arrive Events - [Patient:Arrive - 13:45:39  Treatment Length - 00:01:00  Leave - 14:02:39  Priority - 649.60]
[Time:13:45:10]Leave Events  - [Patient:Arrive - 13:36:39  Treatment Length - 00:02:00  Leave - 13:45:39  Priority - 678.40]
[Time:13:46:10]Leave Events  - [Patient:Arrive - 13:27:00  Treatment Length - 00:02:00  Leave - 13:46:00  Priority - 683.80]
[Time:13:46:50]Treat Events  - [Patient:Arrive - 13:42:00  Treatment Length - 00:02:00  Leave - 14:03:00  Priority - 671.50]
[Time:13:46:50]Summarize     - [Patient Queue:Waiting Number - 1  Treated Number - 45  Total Number - 101  Treatment Rate 44.55%]
				[Patient:Arrive - 13:45:39  Treatment Length - 00:01:00  Leave - 14:02:39  Priority - 649.90]
[Time:13:48:39]Arrive Events - [Patient:Arrive - 13:48:39  Treatment Length - 00:04:00  Leave - 13:48:39  Priority - 711.20]
[Time:13:48:09]Leave Events  - [Patient:Arrive - 13:48:39  Treatment Length - 00:04:00  Leave - 13:48:39  Priority - 711.20]
[Time:13:49:39]Treat Events  - [Patient:Arrive - 13:45:39  Treatment Length - 00:01:00  Leave - 14:02:39  Priority - 650.40]
[Time:13:49:39]Summarize     - [Patient Queue:Waiting Number - 0  Treated Number - 46  Total Number - 102  Treatment Rate 45.10%]
[Time:13:51:00]Arrive Events - [Patient:Arrive - 13:51:00  Treatment Length - 00:01:00  Leave - 13:55:00  Priority - 648.60]
[Time:13:51:00]Treat Events  - [Patient:Arrive - 13:51:00  Treatment Length - 00:01:00  Leave - 13:55:00  Priority - 648.60]
[Time:13:51:00]Summarize     - [Patient Queue:Waiting Number - 0  Treated Number - 47  Total Number - 103  Treatment Rate 45.63%]
[Time:13:54:39]Arrive Events - [Patient:Arrive - 13:54:39  Treatment Length - 00:04:00  Leave - 14:01:39  Priority - 706.20]
[Time:13:54:39]Treat Events  - [Patient:Arrive - 13:54:39  Treatment Length - 00:04:00  Leave - 14:01:39  Priority - 706.20]
[Time:13:54:39]Summarize     - [Patient Queue:Waiting Number - 0  Treated Number - 48  Total Number - 104  Treatment Rate 46.15%]
[Time:13:57:39]Arrive Events - [Patient:Arrive - 13:57:39  Treatment Length - 00:01:00  Leave - 14:07:00  Priority - 643.80]
[Time:13:58:10]Treat Events  - [Patient:Arrive - 13:57:39  Treatment Length - 00:01:00  Leave - 14:07:00  Priority - 644.02]
[Time:13:58:10]Summarize     - [Patient Queue:Waiting Number - 0  Treated Number - 49  Total Number - 105  Treatment Rate 46.67%]
[Time:14:00:00]Arrive Events - [Patient:Arrive - 14:00:00  Treatment Length - 00:04:00  Leave - 14:20:39  Priority - 676.00]
[Time:14:00:00]Treat Events  - [Patient:Arrive - 14:00:00  Treatment Length - 00:04:00  Leave - 14:20:39  Priority - 676.00]
[Time:14:00:00]Summarize     - [Patient Queue:Waiting Number - 0  Treated Number - 50  Total Number - 106  Treatment Rate 47.17%]
[Time:14:03:39]Arrive Events - [Patient:Arrive - 14:03:39  Treatment Length - 00:02:00  Leave - 14:20:39  Priority - 634.80]
[Time:14:04:10]Treat Events  - [Patient:Arrive - 14:03:39  Treatment Length - 00:02:00  Leave - 14:20:39  Priority - 635.02]
[Time:14:04:10]Summarize     - [Patient Queue:Waiting Number - 0  Treated Number - 51  Total Number - 107  Treatment Rate 47.66%]
[Time:14:06:00]Arrive Events - [Patient:Arrive - 14:06:00  Treatment Length - 00:04:00  Leave - 14:19:00  Priority - 673.80]
[Time:14:06:20]Treat Events  - [Patient:Arrive - 14:06:00  Treatment Length - 00:04:00  Leave - 14:19:00  Priority - 673.84]
[Time:14:06:20]Summarize     - [Patient Queue:Waiting Number - 0  Treated Number - 52  Total Number - 108  Treatment Rate 48.15%]
[Time:14:09:00]Arrive Events - [Patient:Arrive - 14:09:00  Treatment Length - 00:09:00  Leave - 14:18:00  Priority - 772.80]
[Time:14:10:29]Treat Events  - [Patient:Arrive - 14:09:00  Treatment Length - 00:09:00  Leave - 14:18:00  Priority - 773.06]
[Time:14:10:29]Summarize     - [Patient Queue:Waiting Number - 0  Treated Number - 53  Total Number - 109  Treatment Rate 48.62%]
[Time:14:12:39]Arrive Events - [Patient:Arrive - 14:12:39  Treatment Length - 00:10:00  Leave - 14:27:39  Priority - 789.80]
[Time:14:15:39]Arrive Events - [Patient:Arrive - 14:15:39  Treatment Length - 00:11:00  Leave - 14:42:00  Priority - 805.60]
[Time:14:18:00]Arrive Events - [Patient:Arrive - 14:18:00  Treatment Length - 00:01:00  Leave - 14:31:00  Priority - 606.60]
[Time:14:19:40]Treat Events  - [Patient:Arrive - 14:15:39  Treatment Length - 00:11:00  Leave - 14:42:00  Priority - 806.48]
[Time:14:19:40]Summarize     - [Patient Queue:Waiting Number - 2  Treated Number - 54  Total Number - 112  Treatment Rate 48.21%]
				[Patient:Arrive - 14:12:39  Treatment Length - 00:10:00  Leave - 14:27:39  Priority - 791.28]
				[Patient:Arrive - 14:18:00  Treatment Length - 00:01:00  Leave - 14:31:00  Priority - 606.88]
[Time:14:21:00]Arrive Events - [Patient:Arrive - 14:21:00  Treatment Length - 00:05:00  Leave - 14:50:00  Priority - 681.60]
[Time:14:24:39]Arrive Events - [Patient:Arrive - 14:24:39  Treatment Length - 00:08:00  Leave - 14:50:00  Priority - 740.40]
[Time:14:27:00]Leave Events  - [Patient:Arrive - 14:12:39  Treatment Length - 00:10:00  Leave - 14:27:39  Priority - 792.70]
[Time:14:27:00]Arrive Events - [Patient:Arrive - 14:27:00  Treatment Length - 00:09:00  Leave - 14:32:00  Priority - 762.80]
[Time:14:30:00]Arrive Events - [Patient:Arrive - 14:30:00  Treatment Length - 00:12:00  Leave - 14:31:00  Priority - 821.80]
[Time:14:30:50]Treat Events  - [Patient:Arrive - 14:30:00  Treatment Length - 00:12:00  Leave - 14:31:00  Priority - 821.90]
[Time:14:30:50]Summarize     - [Patient Queue:Waiting Number - 4  Treated Number - 55  Total Number - 116  Treatment Rate 47.41%]
				[Patient:Arrive - 14:27:00  Treatment Length - 00:09:00  Leave - 14:32:00  Priority - 763.50]
				[Patient:Arrive - 14:24:39  Treatment Length - 00:08:00  Leave - 14:50:00  Priority - 741.70]
				[Patient:Arrive - 14:21:00  Treatment Length - 00:05:00  Leave - 14:50:00  Priority - 683.50]
				[Patient:Arrive - 14:18:00  Treatment Length - 00:01:00  Leave - 14:31:00  Priority - 609.10]
[Time:14:31:09]Leave Events  - [Patient:Arrive - 14:18:00  Treatment Length - 00:01:00  Leave - 14:31:00  Priority - 609.20]
[Time:14:32:10]Leave Events  - [Patient:Arrive - 14:27:00  Treatment Length - 00:09:00  Leave - 14:32:00  Priority - 763.80]
[Time:14:33:39]Arrive Events - [Patient:Arrive - 14:33:39  Treatment Length - 00:03:00  Leave - 14:37:39  Priority - 639.40]
[Time:14:36:39]Arrive Events - [Patient:Arrive - 14:36:39  Treatment Length - 00:08:00  Leave - 15:01:39  Priority - 733.40]
[Time:14:37:10]Leave Events  - [Patient:Arrive - 14:33:39  Treatment Length - 00:03:00  Leave - 14:37:39  Priority - 640.20]
[Time:14:39:00]Arrive Events - [Patient:Arrive - 14:39:00  Treatment Length - 00:02:00  Leave - 14:56:00  Priority - 613.20]
[Time:14:42:00]Arrive Events - [Patient:Arrive - 14:42:00  Treatment Length - 00:06:00  Leave - 14:56:00  Priority - 692.00]
[Time:14:43:00]Treat Events  - [Patient:Arrive - 14:24:39  Treatment Length - 00:08:00  Leave - 14:50:00  Priority - 744.20]
[Time:14:43:00]Summarize     - [Patient Queue:Waiting Number - 4  Treated Number - 56  Total Number - 120  Treatment Rate 46.67%]
				[Patient:Arrive - 14:36:39  Treatment Length - 00:08:00  Leave - 15:01:39  Priority - 734.80]
				[Patient:Arrive - 14:42:00  Treatment Length - 00:06:00  Leave - 14:56:00  Priority - 692.20]
				[Patient:Arrive - 14:21:00  Treatment Length - 00:05:00  Leave - 14:50:00  Priority - 686.00]
				[Patient:Arrive - 14:39:00  Treatment Length - 00:02:00  Leave - 14:56:00  Priority - 614.00]
[Time:14:45:39]Arrive Events - [Patient:Arrive - 14:45:39  Treatment Length - 00:01:00  Leave - 14:58:39  Priority - 590.40]
[Time:14:48:39]Arrive Events - [Patient:Arrive - 14:48:39  Treatment Length - 00:01:00  Leave - 15:00:39  Priority - 588.80]
[Time:14:50:10]Leave Events  - [Patient:Arrive - 14:21:00  Treatment Length - 00:05:00  Leave - 14:50:00  Priority - 687.40]
[Time:14:51:00]Arrive Events - [Patient:Arrive - 14:51:00  Treatment Length - 00:08:00  Leave - 15:01:00  Priority - 727.40]
[Time:14:51:09]Treat Events  - [Patient:Arrive - 14:36:39  Treatment Length - 00:08:00  Leave - 15:01:39  Priority - 736.42]
[Time:14:51:09]Summarize     - [Patient Queue:Waiting Number - 5  Treated Number - 57  Total Number - 123  Treatment Rate 46.34%]
				[Patient:Arrive - 14:51:00  Treatment Length - 00:08:00  Leave - 15:01:00  Priority - 727.42]
				[Patient:Arrive - 14:42:00  Treatment Length - 00:06:00  Leave - 14:56:00  Priority - 693.82]
				[Patient:Arrive - 14:39:00  Treatment Length - 00:02:00  Leave - 14:56:00  Priority - 615.62]
				[Patient:Arrive - 14:45:39  Treatment Length - 00:01:00  Leave - 14:58:39  Priority - 591.62]
				[Patient:Arrive - 14:48:39  Treatment Length - 00:01:00  Leave - 15:00:39  Priority - 589.42]
[Time:14:54:39]Arrive Events - [Patient:Arrive - 14:54:39  Treatment Length - 00:09:00  Leave - 15:01:39  Priority - 746.20]
[Time:14:56:09]Leave Events  - [Patient:Arrive - 14:42:00  Treatment Length - 00:06:00  Leave - 14:56:00  Priority - 694.80]
[Time:14:56:20]Leave Events  - [Patient:Arrive - 14:39:00  Treatment Length - 00:02:00  Leave - 14:56:00  Priority - 616.62]
[Time:14:57:39]Arrive Events - [Patient:Arrive - 14:57:39  Treatment Length - 00:08:00  Leave - 15:25:39  Priority - 720.20]
[Time:14:58:10]Leave Events  - [Patient:Arrive - 14:45:39  Treatment Length - 00:01:00  Leave - 14:58:39  Priority - 593.00]
[Time:14:59:20]Treat Events  - [Patient:Arrive - 14:54:39  Treatment Length - 00:09:00  Leave - 15:01:39  Priority - 747.24]
[Time:14:59:20]Summarize     - [Patient Queue:Waiting Number - 3  Treated Number - 58  Total Number - 125  Treatment Rate 46.40%]
				[Patient:Arrive - 14:51:00  Treatment Length - 00:08:00  Leave - 15:01:00  Priority - 729.04]
				[Patient:Arrive - 14:57:39  Treatment Length - 00:08:00  Leave - 15:25:39  Priority - 720.64]
				[Patient:Arrive - 14:48:39  Treatment Length - 00:01:00  Leave - 15:00:39  Priority - 591.04]
[Time:15:00:00]Leave Events  - [Patient:Arrive - 14:51:00  Treatment Length - 00:08:00  Leave - 15:01:00  Priority - 729.10]
[Time:15:00:00]Leave Events  - [Patient:Arrive - 14:48:39  Treatment Length - 00:01:00  Leave - 15:00:39  Priority - 591.10]
[Time:15:00:00]Arrive Events - [Patient:Arrive - 15:00:00  Treatment Length - 00:04:00  Leave - 15:17:00  Priority - 616.60]
[Time:15:00:00]Treat Events  - [Patient:Arrive - 14:57:39  Treatment Length - 00:08:00  Leave - 15:25:39  Priority - 728.80]
[Time:15:00:00]Summarize     - [Patient Queue:Waiting Number - 1  Treated Number - 59  Total Number - 126  Treatment Rate 46.83%]
				[Patient:Arrive - 15:00:00  Treatment Length - 00:04:00  Leave - 15:17:00  Priority - 616.60]
[Time:15:03:39]Arrive Events - [Patient:Arrive - 15:03:39  Treatment Length - 00:04:00  Leave - 15:14:39  Priority - 616.00]
[Time:15:06:00]Arrive Events - [Patient:Arrive - 15:06:00  Treatment Length - 00:03:00  Leave - 15:18:00  Priority - 594.00]
[Time:15:08:10]Treat Events  - [Patient:Arrive - 15:00:00  Treatment Length - 00:04:00  Leave - 15:17:00  Priority - 618.22]
[Time:15:08:10]Summarize     - [Patient Queue:Waiting Number - 2  Treated Number - 60  Total Number - 128  Treatment Rate 46.88%]
				[Patient:Arrive - 15:03:39  Treatment Length - 00:04:00  Leave - 15:14:39  Priority - 617.02]
				[Patient:Arrive - 15:06:00  Treatment Length - 00:03:00  Leave - 15:18:00  Priority - 594.42]
[Time:15:09:00]Arrive Events - [Patient:Arrive - 15:09:00  Treatment Length - 00:08:00  Leave - 15:11:00  Priority - 694.20]
[Time:15:11:10]Leave Events  - [Patient:Arrive - 15:09:00  Treatment Length - 00:08:00  Leave - 15:11:00  Priority - 694.60]
[Time:15:12:39]Arrive Events - [Patient:Arrive - 15:12:39  Treatment Length - 00:03:00  Leave - 15:16:39  Priority - 592.00]
[Time:15:12:19]Treat Events  - [Patient:Arrive - 15:03:39  Treatment Length - 00:04:00  Leave - 15:14:39  Priority - 617.84]
[Time:15:12:19]Summarize     - [Patient Queue:Waiting Number - 2  Treated Number - 61  Total Number - 130  Treatment Rate 46.92%]
				[Patient:Arrive - 15:06:00  Treatment Length - 00:03:00  Leave - 15:18:00  Priority - 595.24]
				[Patient:Arrive - 15:12:39  Treatment Length - 00:03:00  Leave - 15:16:39  Priority - 592.04]
[Time:15:15:39]Arrive Events - [Patient:Arrive - 15:15:39  Treatment Length - 00:07:00  Leave - 15:36:39  Priority - 666.80]
[Time:15:16:10]Leave Events  - [Patient:Arrive - 15:12:39  Treatment Length - 00:03:00  Leave - 15:16:39  Priority - 592.80]
[Time:15:16:30]Treat Events  - [Patient:Arrive - 15:15:39  Treatment Length - 00:07:00  Leave - 15:36:39  Priority - 667.06]
[Time:15:16:30]Summarize     - [Patient Queue:Waiting Number - 1  Treated Number - 62  Total Number - 131  Treatment Rate 47.33%]
				[Patient:Arrive - 15:06:00  Treatment Length - 00:03:00  Leave - 15:18:00  Priority - 596.06]
[Time:15:18:00]Arrive Events - [Patient:Arrive - 15:18:00  Treatment Length - 00:08:00  Leave - 15:35:00  Priority - 685.80]
[Time:15:18:09]Leave Events  - [Patient:Arrive - 15:06:00  Treatment Length - 00:03:00  Leave - 15:18:00  Priority - 596.40]
[Time:15:21:00]Arrive Events - [Patient:Arrive - 15:21:00  Treatment Length - 00:06:00  Leave - 15:43:00  Priority - 643.00]
[Time:15:23:40]Treat Events  - [Patient:Arrive - 15:18:00  Treatment Length - 00:08:00  Leave - 15:35:00  Priority - 686.88]
[Time:15:23:40]Summarize     - [Patient Queue:Waiting Number - 1  Treated Number - 63  Total Number - 133  Treatment Rate 47.37%]
				[Patient:Arrive - 15:21:00  Treatment Length - 00:06:00  Leave - 15:43:00  Priority - 643.48]
[Time:15:24:39]Arrive Events - [Patient:Arrive - 15:24:39  Treatment Length - 00:05:00  Leave - 15:39:39  Priority - 622.60]
[Time:15:27:00]Arrive Events - [Patient:Arrive - 15:27:00  Treatment Length - 00:10:00  Leave - 15:44:00  Priority - 720.40]
[Time:15:30:00]Arrive Events - [Patient:Arrive - 15:30:00  Treatment Length - 00:05:00  Leave - 15:52:00  Priority - 617.60]
[Time:15:31:49]Treat Events  - [Patient:Arrive - 15:27:00  Treatment Length - 00:10:00  Leave - 15:44:00  Priority - 721.30]
[Time:15:31:49]Summarize     - [Patient Queue:Waiting Number - 3  Treated Number - 64  Total Number - 136  Treatment Rate 47.06%]
				[Patient:Arrive - 15:21:00  Treatment Length - 00:06:00  Leave - 15:43:00  Priority - 645.10]
				[Patient:Arrive - 15:24:39  Treatment Length - 00:05:00  Leave - 15:39:39  Priority - 624.10]
				[Patient:Arrive - 15:30:00  Treatment Length - 00:05:00  Leave - 15:52:00  Priority - 617.90]
[Time:15:33:39]Arrive Events - [Patient:Arrive - 15:33:39  Treatment Length - 00:01:00  Leave - 15:55:00  Priority - 535.80]
[Time:15:36:39]Arrive Events - [Patient:Arrive - 15:36:39  Treatment Length - 00:06:00  Leave - 16:04:39  Priority - 632.80]
[Time:15:39:00]Leave Events  - [Patient:Arrive - 15:24:39  Treatment Length - 00:05:00  Leave - 15:39:39  Priority - 625.50]
[Time:15:39:00]Arrive Events - [Patient:Arrive - 15:39:00  Treatment Length - 00:11:00  Leave - 15:43:00  Priority - 735.80]
[Time:15:42:00]Arrive Events - [Patient:Arrive - 15:42:00  Treatment Length - 00:06:00  Leave - 15:56:00  Priority - 632.00]
[Time:15:42:00]Treat Events  - [Patient:Arrive - 15:39:00  Treatment Length - 00:11:00  Leave - 15:43:00  Priority - 736.40]
[Time:15:42:00]Summarize     - [Patient Queue:Waiting Number - 5  Treated Number - 65  Total Number - 140  Treatment Rate 46.43%]
				[Patient:Arrive - 15:21:00  Treatment Length - 00:06:00  Leave - 15:43:00  Priority - 647.20]
				[Patient:Arrive - 15:36:39  Treatment Length - 00:06:00  Leave - 16:04:39  Priority - 634.00]
				[Patient:Arrive - 15:42:00  Treatment Length - 00:06:00  Leave - 15:56:00  Priority - 632.00]
				[Patient:Arrive - 15:30:00  Treatment Length - 00:05:00  Leave - 15:52:00  Priority - 620.00]
				[Patient:Arrive - 15:33:39  Treatment Length - 00:01:00  Leave - 15:55:00  Priority - 537.60]
[Time:15:43:09]Leave Events  - [Patient:Arrive - 15:21:00  Treatment Length - 00:06:00  Leave - 15:43:00  Priority - 647.40]
[Time:15:45:39]Arrive Events - [Patient:Arrive - 15:45:39  Treatment Length - 00:06:00  Leave - 16:14:39  Priority - 627.20]
[Time:15:48:39]Arrive Events - [Patient:Arrive - 15:48:39  Treatment Length - 00:01:00  Leave - 15:48:39  Priority - 531.20]
[Time:15:48:09]Leave Events  - [Patient:Arrive - 15:48:39  Treatment Length - 00:01:00  Leave - 15:48:39  Priority - 531.20]
[Time:15:51:00]Arrive Events - [Patient:Arrive - 15:51:00  Treatment Length - 00:06:00  Leave - 16:04:00  Priority - 626.80]
[Time:15:52:09]Leave Events  - [Patient:Arrive - 15:30:00  Treatment Length - 00:05:00  Leave - 15:52:00  Priority - 622.00]
[Time:15:53:10]Treat Events  - [Patient:Arrive - 15:36:39  Treatment Length - 00:06:00  Leave - 16:04:39  Priority - 636.22]
[Time:15:53:10]Summarize     - [Patient Queue:Waiting Number - 4  Treated Number - 66  Total Number - 143  Treatment Rate 46.15%]
				[Patient:Arrive - 15:42:00  Treatment Length - 00:06:00  Leave - 15:56:00  Priority - 634.22]
				[Patient:Arrive - 15:45:39  Treatment Length - 00:06:00  Leave - 16:14:39  Priority - 628.82]
				[Patient:Arrive - 15:51:00  Treatment Length - 00:06:00  Leave - 16:04:00  Priority - 627.22]
				[Patient:Arrive - 15:33:39  Treatment Length - 00:01:00  Leave - 15:55:00  Priority - 539.82]
[Time:15:54:39]Arrive Events - [Patient:Arrive - 15:54:39  Treatment Length - 00:05:00  Leave - 16:10:39  Priority - 604.40]
[Time:15:55:09]Leave Events  - [Patient:Arrive - 15:33:39  Treatment Length - 00:01:00  Leave - 15:55:00  Priority - 540.20]
[Time:15:56:09]Leave Events  - [Patient:Arrive - 15:42:00  Treatment Length - 00:06:00  Leave - 15:56:00  Priority - 634.80]
[Time:15:57:39]Arrive Events - [Patient:Arrive - 15:57:39  Treatment Length - 00:10:00  Leave - 16:25:39  Priority - 700.20]
[Time:15:59:20]Treat Events  - [Patient:Arrive - 15:57:39  Treatment Length - 00:10:00  Leave - 16:25:39  Priority - 700.64]
[Time:15:59:20]Summarize     - [Patient Queue:Waiting Number - 3  Treated Number - 67  Total Number - 145  Treatment Rate 46.21%]
				[Patient:Arrive - 15:45:39  Treatment Length - 00:06:00  Leave - 16:14:39  Priority - 630.04]
				[Patient:Arrive - 15:51:00  Treatment Length - 00:06:00  Leave - 16:04:00  Priority - 628.44]
				[Patient:Arrive - 15:54:39  Treatment Length - 00:05:00  Leave - 16:10:39  Priority - 605.44]
[Time:16:00:00]Leave Events  - [Patient:Arrive - 15:45:39  Treatment Length - 00:06:00  Leave - 16:14:39  Priority - 630.10]
[Time:16:00:00]Leave Events  - [Patient:Arrive - 15:54:39  Treatment Length - 00:05:00  Leave - 16:10:39  Priority - 605.50]
[Time:16:00:00]Arrive Events - [Patient:Arrive - 16:00:00  Treatment Length - 00:06:00  Leave - 16:25:00  Priority - 595.00]
[Time:16:00:00]Treat Events  - [Patient:Arrive - 15:51:00  Treatment Length - 00:06:00  Leave - 16:04:00  Priority - 636.60]
[Time:16:00:00]Summarize     - [Patient Queue:Waiting Number - 1  Treated Number - 68  Total Number - 146  Treatment Rate 46.58%]
				[Patient:Arrive - 16:00:00  Treatment Length - 00:06:00  Leave - 16:25:00  Priority - 595.00]
[Time:16:03:00]Arrive Events - [Patient:Arrive - 16:03:00  Treatment Length - 00:01:00  Leave - 16:16:39  Priority - 495.60]
[Time:16:06:39]Arrive Events - [Patient:Arrive - 16:06:39  Treatment Length - 00:08:00  Leave - 16:19:39  Priority - 633.80]
[Time:16:06:10]Treat Events  - [Patient:Arrive - 16:06:39  Treatment Length - 00:08:00  Leave - 16:19:39  Priority - 633.82]
[Time:16:06:10]Summarize     - [Patient Queue:Waiting Number - 2  Treated Number - 69  Total Number - 148  Treatment Rate 46.62%]
				[Patient:Arrive - 16:00:00  Treatment Length - 00:06:00  Leave - 16:25:00  Priority - 596.22]
				[Patient:Arrive - 16:03:00  Treatment Length - 00:01:00  Leave - 16:16:39  Priority - 496.22]
[Time:16:09:00]Arrive Events - [Patient:Arrive - 16:09:00  Treatment Length - 00:08:00  Leave - 16:18:00  Priority - 632.80]
[Time:16:12:00]Arrive Events - [Patient:Arrive - 16:12:00  Treatment Length - 00:01:00  Leave - 16:18:00  Priority - 491.60]
[Time:16:14:20]Treat Events  - [Patient:Arrive - 16:09:00  Treatment Length - 00:08:00  Leave - 16:18:00  Priority - 633.84]
[Time:16:14:20]Summarize     - [Patient Queue:Waiting Number - 3  Treated Number - 70  Total Number - 150  Treatment Rate 46.67%]
				[Patient:Arrive - 16:00:00  Treatment Length - 00:06:00  Leave - 16:25:00  Priority - 597.84]
				[Patient:Arrive - 16:03:00  Treatment Length - 00:01:00  Leave - 16:16:39  Priority - 497.84]
				[Patient:Arrive - 16:12:00  Treatment Length - 00:01:00  Leave - 16:18:00  Priority - 492.04]
[Time:16:15:39]Arrive Events - [Patient:Arrive - 16:15:39  Treatment Length - 00:03:00  Leave - 16:40:39  Priority - 526.00]
[Time:16:16:09]Leave Events  - [Patient:Arrive - 16:03:00  Treatment Length - 00:01:00  Leave - 16:16:39  Priority - 498.20]
[Time:16:18:00]Arrive Events - [Patient:Arrive - 16:18:00  Treatment Length - 00:07:00  Leave - 16:37:00  Priority - 605.40]
[Time:16:18:09]Leave Events  - [Patient:Arrive - 16:12:00  Treatment Length - 00:01:00  Leave - 16:18:00  Priority - 492.80]
[Time:16:21:39]Arrive Events - [Patient:Arrive - 16:21:39  Treatment Length - 00:09:00  Leave - 16:30:39  Priority - 645.60]
[Time:16:22:29]Treat Events  - [Patient:Arrive - 16:21:39  Treatment Length - 00:09:00  Leave - 16:30:39  Priority - 645.86]
[Time:16:22:29]Summarize     - [Patient Queue:Waiting Number - 3  Treated Number - 71  Total Number - 153  Treatment Rate 46.41%]
				[Patient:Arrive - 16:18:00  Treatment Length - 00:07:00  Leave - 16:37:00  Priority - 606.26]
				[Patient:Arrive - 16:00:00  Treatment Length - 00:06:00  Leave - 16:25:00  Priority - 599.46]
				[Patient:Arrive - 16:15:39  Treatment Length - 00:03:00  Leave - 16:40:39  Priority - 527.46]
[Time:16:24:39]Arrive Events - [Patient:Arrive - 16:24:39  Treatment Length - 00:07:00  Leave - 16:29:39  Priority - 604.60]
[Time:16:25:09]Leave Events  - [Patient:Arrive - 16:00:00  Treatment Length - 00:06:00  Leave - 16:25:00  Priority - 600.00]
[Time:16:27:00]Arrive Events - [Patient:Arrive - 16:27:00  Treatment Length - 00:08:00  Leave - 16:50:00  Priority - 619.20]
[Time:16:29:00]Leave Events  - [Patient:Arrive - 16:24:39  Treatment Length - 00:07:00  Leave - 16:29:39  Priority - 605.50]
[Time:16:30:39]Arrive Events - [Patient:Arrive - 16:30:39  Treatment Length - 00:12:00  Leave - 16:57:39  Priority - 696.60]
[Time:16:31:39]Treat Events  - [Patient:Arrive - 16:30:39  Treatment Length - 00:12:00  Leave - 16:57:39  Priority - 696.88]
[Time:16:31:39]Summarize     - [Patient Queue:Waiting Number - 3  Treated Number - 72  Total Number - 156  Treatment Rate 46.15%]
				[Patient:Arrive - 16:27:00  Treatment Length - 00:08:00  Leave - 16:50:00  Priority - 620.08]
				[Patient:Arrive - 16:18:00  Treatment Length - 00:07:00  Leave - 16:37:00  Priority - 608.08]
				[Patient:Arrive - 16:15:39  Treatment Length - 00:03:00  Leave - 16:40:39  Priority - 529.28]
[Time:16:33:39]Arrive Events - [Patient:Arrive - 16:33:39  Treatment Length - 00:11:00  Leave - 17:03:39  Priority - 674.20]
[Time:16:36:00]Arrive Events - [Patient:Arrive - 16:36:00  Treatment Length - 00:06:00  Leave - 16:43:00  Priority - 577.00]
[Time:16:37:10]Leave Events  - [Patient:Arrive - 16:18:00  Treatment Length - 00:07:00  Leave - 16:37:00  Priority - 609.20]
[Time:16:39:39]Arrive Events - [Patient:Arrive - 16:39:39  Treatment Length - 00:01:00  Leave - 16:44:39  Priority - 475.60]
[Time:16:40:09]Leave Events  - [Patient:Arrive - 16:15:39  Treatment Length - 00:03:00  Leave - 16:40:39  Priority - 531.00]
[Time:16:42:00]Arrive Events - [Patient:Arrive - 16:42:00  Treatment Length - 00:11:00  Leave - 16:53:00  Priority - 672.60]
[Time:16:43:09]Leave Events  - [Patient:Arrive - 16:36:00  Treatment Length - 00:06:00  Leave - 16:43:00  Priority - 578.40]
[Time:16:43:49]Treat Events  - [Patient:Arrive - 16:33:39  Treatment Length - 00:11:00  Leave - 17:03:39  Priority - 676.30]
[Time:16:43:49]Summarize     - [Patient Queue:Waiting Number - 3  Treated Number - 73  Total Number - 160  Treatment Rate 45.62%]
				[Patient:Arrive - 16:42:00  Treatment Length - 00:11:00  Leave - 16:53:00  Priority - 672.90]
				[Patient:Arrive - 16:27:00  Treatment Length - 00:08:00  Leave - 16:50:00  Priority - 622.50]
				[Patient:Arrive - 16:39:39  Treatment Length - 00:01:00  Leave - 16:44:39  Priority - 476.50]
[Time:16:44:00]Leave Events  - [Patient:Arrive - 16:39:39  Treatment Length - 00:01:00  Leave - 16:44:39  Priority - 476.50]
[Time:16:45:00]Arrive Events - [Patient:Arrive - 16:45:00  Treatment Length - 00:04:00  Leave - 16:47:00  Priority - 532.60]
