[Time:14:56:37]Arrive Events - [Patient:Arrive - 14:56:37  Treatment Length - 00:01:00  Leave - 15:01:38  Priority - 585.17]
[Time:14:56:37]Treat Events  - [Patient:Arrive - 14:56:37  Treatment Length - 00:01:00  Leave - 15:01:38  Priority - 585.17]
[Time:14:56:37]Summarize     - [Patient Queue:Waiting Number - 0  Treated Number - 1  Total Number - 1  Treatment Rate 100.00%]
[Time:14:59:39]Arrive Events - [Patient:Arrive - 14:59:39  Treatment Length - 00:06:00  Leave - 15:00:40  Priority - 684.16]
[Time:14:59:39]Treat Events  - [Patient:Arrive - 14:59:39  Treatment Length - 00:06:00  Leave - 15:00:40  Priority - 684.16]
[Time:14:59:39]Summarize     - [Patient Queue:Waiting Number - 0  Treated Number - 2  Total Number - 2  Treatment Rate 100.00%]
[Time:15:00:00]Arrive Events - [Patient:Arrive - 15:00:00  Treatment Length - 00:05:00  Leave - 15:24:39  Priority - 635.20]
[Time:15:00:00]Treat Events  - [Patient:Arrive - 15:00:00  Treatment Length - 00:05:00  Leave - 15:24:39  Priority - 635.20]
[Time:15:00:00]Summarize     - [Patient Queue:Waiting Number - 0  Treated Number - 3  Total Number - 3  Treatment Rate 100.00%]
[Time:15:03:39]Arrive Events - [Patient:Arrive - 15:03:39  Treatment Length - 00:03:00  Leave - 15:10:39  Priority - 596.80]
[Time:15:05:09]Treat Events  - [Patient:Arrive - 15:03:39  Treatment Length - 00:03:00  Leave - 15:10:39  Priority - 597.22]
[Time:15:05:09]Summarize     - [Patient Queue:Waiting Number - 0  Treated Number - 4  Total Number - 4  Treatment Rate 100.00%]
[Time:15:06:00]Arrive Events - [Patient:Arrive - 15:06:00  Treatment Length - 00:03:00  Leave - 15:10:00  Priority - 595.60]
[Time:15:08:10]Treat Events  - [Patient:Arrive - 15:06:00  Treatment Length - 00:03:00  Leave - 15:10:00  Priority - 596.02]
[Time:15:08:10]Summarize     - [Patient Queue:Waiting Number - 0  Treated Number - 5  Total Number - 5  Treatment Rate 100.00%]
[Time:15:09:00]Arrive Events - [Patient:Arrive - 15:09:00  Treatment Length - 00:02:00  Leave - 15:17:00  Priority - 573.00]
[Time:15:11:20]Treat Events  - [Patient:Arrive - 15:09:00  Treatment Length - 00:02:00  Leave - 15:17:00  Priority - 573.44]
[Time:15:11:20]Summarize     - [Patient Queue:Waiting Number - 0  Treated Number - 6  Total Number - 6  Treatment Rate 100.00%]
[Time:15:12:39]Arrive Events - [Patient:Arrive - 15:12:39  Treatment Length - 00:01:00  Leave - 15:12:39  Priority - 552.80]
[Time:15:12:10]Leave Events  - [Patient:Arrive - 15:12:39  Treatment Length - 00:01:00  Leave - 15:12:39  Priority - 552.80]
[Time:15:15:39]Arrive Events - [Patient:Arrive - 15:15:39  Treatment Length - 00:02:00  Leave - 15:23:39  Priority - 569.40]
[Time:15:15:39]Treat Events  - [Patient:Arrive - 15:15:39  Treatment Length - 00:02:00  Leave - 15:23:39  Priority - 569.40]
[Time:15:15:39]Summarize     - [Patient Queue:Waiting Number - 0  Treated Number - 7  Total Number - 8  Treatment Rate 87.50%]
[Time:15:18:00]Arrive Events - [Patient:Arrive - 15:18:00  Treatment Length - 00:05:00  Leave - 15:26:00  Priority - 627.60]
[Time:15:18:00]Treat Events  - [Patient:Arrive - 15:18:00  Treatment Length - 00:05:00  Leave - 15:26:00  Priority - 627.60]
[Time:15:18:00]Summarize     - [Patient Queue:Waiting Number - 0  Treated Number - 8  Total Number - 9  Treatment Rate 88.89%]
[Time:15:21:00]Arrive Events - [Patient:Arrive - 15:21:00  Treatment Length - 00:04:00  Leave - 15:42:00  Priority - 603.20]
[Time:15:23:09]Treat Events  - [Patient:Arrive - 15:21:00  Treatment Length - 00:04:00  Leave - 15:42:00  Priority - 603.62]
[Time:15:23:09]Summarize     - [Patient Queue:Waiting Number - 0  Treated Number - 9  Total Number - 10  Treatment Rate 90.00%]
[Time:15:24:39]Arrive Events - [Patient:Arrive - 15:24:39  Treatment Length - 00:05:00  Leave - 15:29:39  Priority - 624.60]
[Time:15:27:00]Arrive Events - [Patient:Arrive - 15:27:00  Treatment Length - 00:03:00  Leave - 15:52:00  Priority - 578.80]
[Time:15:27:20]Treat Events  - [Patient:Arrive - 15:24:39  Treatment Length - 00:05:00  Leave - 15:29:39  Priority - 625.24]
[Time:15:27:20]Summarize     - [Patient Queue:Waiting Number - 1  Treated Number - 10  Total Number - 12  Treatment Rate 83.33%]
				[Patient:Arrive - 15:27:00  Treatment Length - 00:03:00  Leave - 15:52:00  Priority - 578.84]
[Time:15:30:00]Arrive Events - [Patient:Arrive - 15:30:00  Treatment Length - 00:09:00  Leave - 15:44:00  Priority - 699.20]
[Time:15:32:29]Treat Events  - [Patient:Arrive - 15:30:00  Treatment Length - 00:09:00  Leave - 15:44:00  Priority - 699.66]
[Time:15:32:29]Summarize     - [Patient Queue:Waiting Number - 1  Treated Number - 11  Total Number - 13  Treatment Rate 84.62%]
				[Patient:Arrive - 15:27:00  Treatment Length - 00:03:00  Leave - 15:52:00  Priority - 579.86]
[Time:15:33:39]Arrive Events - [Patient:Arrive - 15:33:39  Treatment Length - 00:11:00  Leave - 15:48:39  Priority - 737.20]
[Time:15:36:39]Arrive Events - [Patient:Arrive - 15:36:39  Treatment Length - 00:01:00  Leave - 15:45:39  Priority - 536.60]
[Time:15:39:00]Arrive Events - [Patient:Arrive - 15:39:00  Treatment Length - 00:01:00  Leave - 15:42:00  Priority - 536.00]
[Time:15:41:39]Treat Events  - [Patient:Arrive - 15:33:39  Treatment Length - 00:11:00  Leave - 15:48:39  Priority - 738.88]
[Time:15:41:39]Summarize     - [Patient Queue:Waiting Number - 3  Treated Number - 12  Total Number - 16  Treatment Rate 75.00%]
				[Patient:Arrive - 15:27:00  Treatment Length - 00:03:00  Leave - 15:52:00  Priority - 581.68]
				[Patient:Arrive - 15:36:39  Treatment Length - 00:01:00  Leave - 15:45:39  Priority - 537.68]
				[Patient:Arrive - 15:39:00  Treatment Length - 00:01:00  Leave - 15:42:00  Priority - 536.48]
[Time:15:42:00]Arrive Events - [Patient:Arrive - 15:42:00  Treatment Length - 00:01:00  Leave - 16:03:00  Priority - 530.60]
[Time:15:42:09]Leave Events  - [Patient:Arrive - 15:39:00  Treatment Length - 00:01:00  Leave - 15:42:00  Priority - 536.60]
[Time:15:45:39]Arrive Events - [Patient:Arrive - 15:45:39  Treatment Length - 00:09:00  Leave - 15:56:39  Priority - 690.80]
[Time:15:45:10]Leave Events  - [Patient:Arrive - 15:36:39  Treatment Length - 00:01:00  Leave - 15:45:39  Priority - 538.40]
[Time:15:48:39]Arrive Events - [Patient:Arrive - 15:48:39  Treatment Length - 00:01:00  Leave - 15:55:39  Priority - 529.80]
[Time:15:51:00]Arrive Events - [Patient:Arrive - 15:51:00  Treatment Length - 00:08:00  Leave - 15:52:00  Priority - 669.20]
[Time:15:52:09]Leave Events  - [Patient:Arrive - 15:51:00  Treatment Length - 00:08:00  Leave - 15:52:00  Priority - 669.40]
[Time:15:52:20]Leave Events  - [Patient:Arrive - 15:27:00  Treatment Length - 00:03:00  Leave - 15:52:00  Priority - 583.82]
[Time:15:52:40]Treat Events  - [Patient:Arrive - 15:45:39  Treatment Length - 00:09:00  Leave - 15:56:39  Priority - 692.28]
[Time:15:52:40]Summarize     - [Patient Queue:Waiting Number - 2  Treated Number - 13  Total Number - 20  Treatment Rate 65.00%]
				[Patient:Arrive - 15:42:00  Treatment Length - 00:01:00  Leave - 16:03:00  Priority - 532.68]
				[Patient:Arrive - 15:48:39  Treatment Length - 00:01:00  Leave - 15:55:39  Priority - 530.68]
[Time:15:54:39]Arrive Events - [Patient:Arrive - 15:54:39  Treatment Length - 00:01:00  Leave - 16:03:00  Priority - 525.80]
[Time:15:55:00]Leave Events  - [Patient:Arrive - 15:48:39  Treatment Length - 00:01:00  Leave - 15:55:39  Priority - 531.10]
[Time:15:57:39]Arrive Events - [Patient:Arrive - 15:57:39  Treatment Length - 00:10:00  Leave - 15:57:39  Priority - 705.80]
[Time:15:57:10]Leave Events  - [Patient:Arrive - 15:57:39  Treatment Length - 00:10:00  Leave - 15:57:39  Priority - 705.80]
[Time:16:00:00]Leave Events  - [Patient:Arrive - 15:42:00  Treatment Length - 00:01:00  Leave - 16:03:00  Priority - 534.10]
[Time:16:00:00]Arrive Events - [Patient:Arrive - 16:00:00  Treatment Length - 00:10:00  Leave - 16:20:00  Priority - 676.00]
[Time:16:00:00]Treat Events  - [Patient:Arrive - 16:00:00  Treatment Length - 00:10:00  Leave - 16:20:00  Priority - 676.00]
[Time:16:00:00]Summarize     - [Patient Queue:Waiting Number - 1  Treated Number - 14  Total Number - 23  Treatment Rate 60.87%]
				[Patient:Arrive - 15:54:39  Treatment Length - 00:01:00  Leave - 16:03:00  Priority - 535.00]
[Time:16:00:09]Leave Events  - [Patient:Arrive - 15:54:39  Treatment Length - 00:01:00  Leave - 16:03:00  Priority - 535.00]
[Time:16:03:00]Arrive Events - [Patient:Arrive - 16:03:00  Treatment Length - 00:06:00  Leave - 16:13:00  Priority - 596.20]
[Time:16:06:39]Arrive Events - [Patient:Arrive - 16:06:39  Treatment Length - 00:01:00  Leave - 16:24:39  Priority - 492.80]
[Time:16:09:00]Arrive Events - [Patient:Arrive - 16:09:00  Treatment Length - 00:02:00  Leave - 16:25:00  Priority - 511.40]
[Time:16:10:09]Treat Events  - [Patient:Arrive - 16:03:00  Treatment Length - 00:06:00  Leave - 16:13:00  Priority - 597.62]
[Time:16:10:09]Summarize     - [Patient Queue:Waiting Number - 2  Treated Number - 15  Total Number - 26  Treatment Rate 57.69%]
				[Patient:Arrive - 16:09:00  Treatment Length - 00:02:00  Leave - 16:25:00  Priority - 511.62]
				[Patient:Arrive - 16:06:39  Treatment Length - 00:01:00  Leave - 16:24:39  Priority - 493.62]
[Time:16:12:00]Arrive Events - [Patient:Arrive - 16:12:00  Treatment Length - 00:11:00  Leave - 16:19:00  Priority - 691.40]
[Time:16:15:39]Arrive Events - [Patient:Arrive - 16:15:39  Treatment Length - 00:05:00  Leave - 16:40:39  Priority - 566.00]
[Time:16:16:20]Treat Events  - [Patient:Arrive - 16:12:00  Treatment Length - 00:11:00  Leave - 16:19:00  Priority - 692.24]
[Time:16:16:20]Summarize     - [Patient Queue:Waiting Number - 3  Treated Number - 16  Total Number - 28  Treatment Rate 57.14%]
				[Patient:Arrive - 16:15:39  Treatment Length - 00:05:00  Leave - 16:40:39  Priority - 566.24]
				[Patient:Arrive - 16:09:00  Treatment Length - 00:02:00  Leave - 16:25:00  Priority - 512.84]
				[Patient:Arrive - 16:06:39  Treatment Length - 00:01:00  Leave - 16:24:39  Priority - 494.84]
[Time:16:18:00]Arrive Events - [Patient:Arrive - 16:18:00  Treatment Length - 00:06:00  Leave - 16:26:00  Priority - 587.60]
[Time:16:21:39]Arrive Events - [Patient:Arrive - 16:21:39  Treatment Length - 00:04:00  Leave - 16:46:39  Priority - 542.40]
[Time:16:24:39]Arrive Events - [Patient:Arrive - 16:24:39  Treatment Length - 00:08:00  Leave - 16:42:00  Priority - 622.00]
[Time:16:24:09]Leave Events  - [Patient:Arrive - 16:06:39  Treatment Length - 00:01:00  Leave - 16:24:39  Priority - 496.40]
[Time:16:25:09]Leave Events  - [Patient:Arrive - 16:09:00  Treatment Length - 00:02:00  Leave - 16:25:00  Priority - 514.60]
[Time:16:26:09]Leave Events  - [Patient:Arrive - 16:18:00  Treatment Length - 00:06:00  Leave - 16:26:00  Priority - 589.20]
[Time:16:27:00]Arrive Events - [Patient:Arrive - 16:27:00  Treatment Length - 00:03:00  Leave - 16:36:00  Priority - 522.00]
[Time:16:27:30]Treat Events  - [Patient:Arrive - 16:24:39  Treatment Length - 00:08:00  Leave - 16:42:00  Priority - 622.66]
[Time:16:27:30]Summarize     - [Patient Queue:Waiting Number - 3  Treated Number - 17  Total Number - 32  Treatment Rate 53.12%]
				[Patient:Arrive - 16:15:39  Treatment Length - 00:05:00  Leave - 16:40:39  Priority - 568.46]
				[Patient:Arrive - 16:21:39  Treatment Length - 00:04:00  Leave - 16:46:39  Priority - 543.66]
				[Patient:Arrive - 16:27:00  Treatment Length - 00:03:00  Leave - 16:36:00  Priority - 522.06]
[Time:16:30:39]Arrive Events - [Patient:Arrive - 16:30:39  Treatment Length - 00:08:00  Leave - 16:36:39  Priority - 620.80]
[Time:16:33:39]Arrive Events - [Patient:Arrive - 16:33:39  Treatment Length - 00:08:00  Leave - 16:49:39  Priority - 617.00]
[Time:16:35:40]Treat Events  - [Patient:Arrive - 16:30:39  Treatment Length - 00:08:00  Leave - 16:36:39  Priority - 621.88]
[Time:16:35:40]Summarize     - [Patient Queue:Waiting Number - 4  Treated Number - 18  Total Number - 34  Treatment Rate 52.94%]
				[Patient:Arrive - 16:33:39  Treatment Length - 00:08:00  Leave - 16:49:39  Priority - 617.48]
				[Patient:Arrive - 16:15:39  Treatment Length - 00:05:00  Leave - 16:40:39  Priority - 570.08]
				[Patient:Arrive - 16:21:39  Treatment Length - 00:04:00  Leave - 16:46:39  Priority - 545.28]
				[Patient:Arrive - 16:27:00  Treatment Length - 00:03:00  Leave - 16:36:00  Priority - 523.68]
[Time:16:36:00]Arrive Events - [Patient:Arrive - 16:36:00  Treatment Length - 00:06:00  Leave - 16:50:00  Priority - 575.60]
[Time:16:36:10]Leave Events  - [Patient:Arrive - 16:27:00  Treatment Length - 00:03:00  Leave - 16:36:00  Priority - 523.80]
[Time:16:39:39]Arrive Events - [Patient:Arrive - 16:39:39  Treatment Length - 00:03:00  Leave - 16:44:39  Priority - 515.60]
[Time:16:40:09]Leave Events  - [Patient:Arrive - 16:15:39  Treatment Length - 00:05:00  Leave - 16:40:39  Priority - 571.00]
[Time:16:42:00]Arrive Events - [Patient:Arrive - 16:42:00  Treatment Length - 00:01:00  Leave - 16:50:00  Priority - 473.20]
[Time:16:43:49]Treat Events  - [Patient:Arrive - 16:33:39  Treatment Length - 00:08:00  Leave - 16:49:39  Priority - 619.10]
[Time:16:43:49]Summarize     - [Patient Queue:Waiting Number - 4  Treated Number - 19  Total Number - 37  Treatment Rate 51.35%]
				[Patient:Arrive - 16:36:00  Treatment Length - 00:06:00  Leave - 16:50:00  Priority - 577.10]
				[Patient:Arrive - 16:21:39  Treatment Length - 00:04:00  Leave - 16:46:39  Priority - 546.90]
				[Patient:Arrive - 16:39:39  Treatment Length - 00:03:00  Leave - 16:44:39  Priority - 516.50]
				[Patient:Arrive - 16:42:00  Treatment Length - 00:01:00  Leave - 16:50:00  Priority - 473.50]
[Time:16:44:00]Leave Events  - [Patient:Arrive - 16:39:39  Treatment Length - 00:03:00  Leave - 16:44:39  Priority - 516.50]
[Time:16:45:00]Arrive Events - [Patient:Arrive - 16:45:00  Treatment Length - 00:11:00  Leave - 17:12:00  Priority - 667.60]
[Time:16:46:10]Leave Events  - [Patient:Arrive - 16:21:39  Treatment Length - 00:04:00  Leave - 16:46:39  Priority - 547.40]
[Time:16:48:39]Arrive Events - [Patient:Arrive - 16:48:39  Treatment Length - 00:01:00  Leave - 16:53:39  Priority - 470.20]
[Time:16:50:09]Leave Events  - [Patient:Arrive - 16:36:00  Treatment Length - 00:06:00  Leave - 16:50:00  Priority - 578.40]
[Time:16:50:20]Leave Events  - [Patient:Arrive - 16:42:00  Treatment Length - 00:01:00  Leave - 16:50:00  Priority - 474.82]
[Time:16:51:00]Arrive Events - [Patient:Arrive - 16:51:00  Treatment Length - 00:02:00  Leave - 17:01:00  Priority - 487.40]
[Time:16:52:00]Treat Events  - [Patient:Arrive - 16:45:00  Treatment Length - 00:11:00  Leave - 17:12:00  Priority - 669.00]
[Time:16:52:00]Summarize     - [Patient Queue:Waiting Number - 2  Treated Number - 20  Total Number - 40  Treatment Rate 50.00%]
				[Patient:Arrive - 16:51:00  Treatment Length - 00:02:00  Leave - 17:01:00  Priority - 487.60]
				[Patient:Arrive - 16:48:39  Treatment Length - 00:01:00  Leave - 16:53:39  Priority - 471.00]
[Time:16:53:00]Leave Events  - [Patient:Arrive - 16:48:39  Treatment Length - 00:01:00  Leave - 16:53:39  Priority - 471.10]
[Time:16:54:00]Arrive Events - [Patient:Arrive - 16:54:00  Treatment Length - 00:05:00  Leave - 17:23:00  Priority - 541.80]
