Copyright 1986-2016 Xilinx, Inc. All Rights Reserved.
------------------------------------------------------------------------------------
| Tool Version : Vivado v.2016.1 (lin64) Build 1538259 Fri Apr  8 15:45:23 MDT 2016
| Date         : Wed Aug 31 14:09:24 2016
| Host         : avalon running 64-bit Ubuntu 16.04 LTS
| Command      : report_control_sets -verbose -file clock_control_sets_placed.rpt
| Design       : clock
| Device       : xc7a100t
------------------------------------------------------------------------------------

Control Set Information

Table of Contents
-----------------
1. Summary
2. Flip-Flop Distribution
3. Detailed Control Set Information

1. Summary
----------

+----------------------------------------------------------+-------+
|                          Status                          | Count |
+----------------------------------------------------------+-------+
| Number of unique control sets                            |     4 |
| Unused register locations in slices containing registers |    14 |
+----------------------------------------------------------+-------+


2. Flip-Flop Distribution
-------------------------

+--------------+-----------------------+------------------------+-----------------+--------------+
| Clock Enable | Synchronous Set/Reset | Asynchronous Set/Reset | Total Registers | Total Slices |
+--------------+-----------------------+------------------------+-----------------+--------------+
| No           | No                    | No                     |              20 |            7 |
| No           | No                    | Yes                    |               0 |            0 |
| No           | Yes                   | No                     |              32 |            8 |
| Yes          | No                    | No                     |               6 |            2 |
| Yes          | No                    | Yes                    |               0 |            0 |
| Yes          | Yes                   | No                     |               0 |            0 |
+--------------+-----------------------+------------------------+-----------------+--------------+


3. Detailed Control Set Information
-----------------------------------

+------------------------+---------------+---------------------+------------------+----------------+
|      Clock Signal      | Enable Signal |   Set/Reset Signal  | Slice Load Count | Bel Load Count |
+------------------------+---------------+---------------------+------------------+----------------+
|  TICK_DIVIDER/out[0]   |               |                     |                2 |              3 |
|  RANGE_DIVIDER/clk_dst | power_IBUF    |                     |                2 |              6 |
|  clk_src_IBUF_BUFG     |               |                     |                5 |             17 |
|  clk_src_IBUF_BUFG     |               | RANGE_DIVIDER/clear |                8 |             32 |
+------------------------+---------------+---------------------+------------------+----------------+


