Copyright 1986-2016 Xilinx, Inc. All Rights Reserved.
-------------------------------------------------------------------------------------
| Tool Version : Vivado v.2016.1 (lin64) Build 1538259 Fri Apr  8 15:45:23 MDT 2016
| Date         : Fri Sep  2 09:51:00 2016
| Host         : avalon running 64-bit Ubuntu 16.04 LTS
| Command      : report_control_sets -verbose -file selector_control_sets_placed.rpt
| Design       : selector
| Device       : xc7a100t
-------------------------------------------------------------------------------------

Control Set Information

Table of Contents
-----------------
1. Summary
2. Flip-Flop Distribution
3. Detailed Control Set Information

1. Summary
----------

+----------------------------------------------------------+-------+
|                          Status                          | Count |
+----------------------------------------------------------+-------+
| Number of unique control sets                            |     2 |
| Unused register locations in slices containing registers |    10 |
+----------------------------------------------------------+-------+


2. Flip-Flop Distribution
-------------------------

+--------------+-----------------------+------------------------+-----------------+--------------+
| Clock Enable | Synchronous Set/Reset | Asynchronous Set/Reset | Total Registers | Total Slices |
+--------------+-----------------------+------------------------+-----------------+--------------+
| No           | No                    | No                     |              30 |            8 |
| No           | No                    | Yes                    |               0 |            0 |
| No           | Yes                   | No                     |               0 |            0 |
| Yes          | No                    | No                     |               0 |            0 |
| Yes          | No                    | Yes                    |               0 |            0 |
| Yes          | Yes                   | No                     |               0 |            0 |
+--------------+-----------------------+------------------------+-----------------+--------------+


3. Detailed Control Set Information
-----------------------------------

+--------------------+---------------+------------------+------------------+----------------+
|    Clock Signal    | Enable Signal | Set/Reset Signal | Slice Load Count | Bel Load Count |
+--------------------+---------------+------------------+------------------+----------------+
|  DIVIDER/out[0]    |               |                  |                1 |              4 |
|  clk_src_IBUF_BUFG |               |                  |                7 |             26 |
+--------------------+---------------+------------------+------------------+----------------+


